2015-09-15 14:59:41+0000 [scrapy] DEBUG: Redirecting (303) to <GET https://umfg.felog.is/UsersLogin.aspx> from <GET http://umfg.felog.is/UsersLogin.aspx>
2015-09-15 14:59:41+0000 [scrapy] DEBUG: Crawled (200) <GET https://umfg.felog.is/UsersLogin.aspx> (referer: None)
2015-09-15 14:59:41+0000 [norix] INFO: Logging in to:  https://umfg.felog.is/UsersLogin.aspx
2015-09-15 14:59:41+0000 [norix] INFO: User:  jonl
2015-09-15 14:59:41+0000 [norix] INFO: Password:  190881
2015-09-15 14:59:41+0000 [scrapy] DEBUG: Redirecting (302) to <GET https://umfg.felog.is/MyPage.aspx> from <POST https://umfg.felog.is/UsersLogin.aspx>
2015-09-15 14:59:42+0000 [scrapy] DEBUG: Crawled (200) <GET https://umfg.felog.is/MyPage.aspx> (referer: https://umfg.felog.is/UsersLogin.aspx)
2015-09-15 14:59:42+0000 [norix] DEBUG: Log message
2015-09-15 14:59:42+0000 [norix] INFO: Hi, I am in, what now... 
2015-09-15 14:59:42+0000 [norix] INFO: {"username": "jonl", "club": "umfg", "encryptedPassword": "$2b$10$EdOr1YAHDthKzljzSvDf8.c2VLDONIe8kLLIfOYkjWBdjP2VjTOY6", "_id": {"$oid": "55f8325e2cf1f0a932caefee"}}
2015-09-15 14:59:42+0000 [norix] DEBUG: Seminar added to collection
2015-09-15 14:59:42+0000 [scrapy] DEBUG: Scraped from <200 https://umfg.felog.is/MyPage.aspx>
{u'username': u'jonl', u'club': u'umfg', u'encryptedPassword': u'$2b$10$EdOr1YAHDthKzljzSvDf8.c2VLDONIe8kLLIfOYkjWBdjP2VjTOY6', u'_id': ObjectId('55f8325e2cf1f0a932caefee')}
2015-09-15 14:59:42+0000 [norix] INFO: {"username": "jonl", "club": "umfg", "encryptedPassword": "$2b$10$EdOr1YAHDthKzljzSvDf8.c2VLDONIe8kLLIfOYkjWBdjP2VjTOY6", "_id": {"$oid": "55f8325e2cf1f0a932caefee"}}
2015-09-15 14:59:42+0000 [norix] DEBUG: Seminar added to collection
2015-09-15 14:59:42+0000 [scrapy] DEBUG: Scraped from <200 https://umfg.felog.is/MyPage.aspx>
{u'username': u'jonl', u'club': u'umfg', u'encryptedPassword': u'$2b$10$EdOr1YAHDthKzljzSvDf8.c2VLDONIe8kLLIfOYkjWBdjP2VjTOY6', u'_id': ObjectId('55f8325e2cf1f0a932caefee')}
2015-09-15 14:59:42+0000 [scrapy] DEBUG: Redirecting (302) to <GET https://umfg.felog.is/ShowGroupMembers.aspx> from <POST https://umfg.felog.is/MyPage.aspx>
2015-09-15 14:59:42+0000 [scrapy] DEBUG: Crawled (200) <GET https://umfg.felog.is/ShowGroupMembers.aspx> (referer: https://umfg.felog.is/MyPage.aspx)
2015-09-15 14:59:43+0000 [scrapy] DEBUG: Scraped from <200 https://umfg.felog.is/ShowGroupMembers.aspx>
{'email': u'gudlaug@grindavik.is',
 'phone': u'8940885',
 'player_name': u'Franz Haf\xfe\xf3rsson',
 'seminars': 17628848,
 'ssn': u'130603-2030',
 'status': u'Skr\xe1\xf0(ur)'}
2015-09-15 14:59:43+0000 [scrapy] DEBUG: Scraped from <200 https://umfg.felog.is/ShowGroupMembers.aspx>
{'email': u'heida@snerpa.is',
 'phone': u'4568388',
 'player_name': u'Gu\xf0mundur Brynjar Bj\xf6rgvinsson',
 'seminars': 17628848,
 'ssn': u'241005-3050',
 'status': u'Skr\xe1\xf0(ur)'}
2015-09-15 14:59:43+0000 [scrapy] DEBUG: Scraped from <200 https://umfg.felog.is/ShowGroupMembers.aspx>
{'email': u'signy_o@hotmail.com',
 'phone': u'6957624',
 'player_name': u'\xd3liver Adam Einarsson',
 'seminars': 17628848,
 'ssn': u'240306-3520',
 'status': u'Skr\xe1\xf0(ur)'}
2015-09-15 14:59:43+0000 [scrapy] DEBUG: Scraped from <200 https://umfg.felog.is/ShowGroupMembers.aspx>
{'email': u'eyglopet@gmail.com',
 'phone': u'5878353',
 'player_name': u'Sigurj\xf3n Samved Adhikari',
 'seminars': 17628848,
 'ssn': u'120307-3040',
 'status': u'Skr\xe1\xf0(ur)'}
2015-09-15 14:59:43+0000 [scrapy] DEBUG: Redirecting (302) to <GET https://umfg.felog.is/ShowGroupMembers.aspx> from <POST https://umfg.felog.is/MyPage.aspx>
2015-09-15 14:59:43+0000 [scrapy] DEBUG: Crawled (200) <GET https://umfg.felog.is/ShowGroupMembers.aspx> (referer: https://umfg.felog.is/MyPage.aspx)
2015-09-15 14:59:43+0000 [scrapy] DEBUG: Scraped from <200 https://umfg.felog.is/ShowGroupMembers.aspx>
{'email': u'debbyhrolfsson@hotmail.com',
 'phone': u'8602708',
 'player_name': u'Adriana Lind Da\xf0ad\xf3ttir',
 'seminars': 56040140,
 'ssn': u'030408-2250',
 'status': u'Skr\xe1\xf0(ur)'}
2015-09-15 14:59:43+0000 [scrapy] INFO: Closing spider (finished)
2015-09-15 14:59:43+0000 [scrapy] INFO: Dumping Scrapy stats:
{'downloader/request_bytes': 7784,
 'downloader/request_count': 8,
 'downloader/request_method_count/GET': 5,
 'downloader/request_method_count/POST': 3,
 'downloader/response_bytes': 102347,
 'downloader/response_count': 8,
 'downloader/response_status_count/200': 4,
 'downloader/response_status_count/302': 3,
 'downloader/response_status_count/303': 1,
 'finish_reason': 'finished',
 'finish_time': datetime.datetime(2015, 9, 15, 14, 59, 43, 277377),
 'item_scraped_count': 7,
 'log_count/DEBUG': 23,
 'log_count/INFO': 13,
 'log_count/WARNING': 1,
 'request_depth_max': 2,
 'response_received_count': 4,
 'scheduler/dequeued': 8,
 'scheduler/dequeued/memory': 8,
 'scheduler/enqueued': 8,
 'scheduler/enqueued/memory': 8,
 'start_time': datetime.datetime(2015, 9, 15, 14, 59, 41, 427459)}
2015-09-15 14:59:43+0000 [scrapy] INFO: Spider closed (finished)
