2015-09-19 12:30:23+0000 [scrapy] DEBUG: Redirecting (303) to <GET https://armenningar.felog.is/UsersLogin.aspx> from <GET http://armenningar.felog.is/UsersLogin.aspx>
2015-09-19 12:30:23+0000 [scrapy] DEBUG: Crawled (200) <GET https://armenningar.felog.is/UsersLogin.aspx> (referer: None)
2015-09-19 12:30:23+0000 [norix] INFO: Logging in to:  https://armenningar.felog.is/UsersLogin.aspx
2015-09-19 12:30:23+0000 [norix] INFO: armenningar.felog.is
2015-09-19 12:30:23+0000 [norix] INFO: User:  levy
2015-09-19 12:30:23+0000 [norix] INFO: Password:  swodniW
2015-09-19 12:30:23+0000 [scrapy] DEBUG: Redirecting (302) to <GET https://armenningar.felog.is/MyPage.aspx> from <POST https://armenningar.felog.is/UsersLogin.aspx>
2015-09-19 12:30:24+0000 [scrapy] DEBUG: Crawled (200) <GET https://armenningar.felog.is/MyPage.aspx> (referer: https://armenningar.felog.is/UsersLogin.aspx)
2015-09-19 12:30:24+0000 [norix] DEBUG: Log message
2015-09-19 12:30:24+0000 [norix] INFO: Hi, I am in, lets continue...  https://armenningar.felog.is/MyPage.aspx
2015-09-19 12:30:24+0000 [norix] INFO: Hi, I am in, what now... 
2015-09-19 12:30:24+0000 [norix] INFO: Deleting all seminar associations that contain: {u'club': u'armenningar', u'username': u'levy', u'encryptedPassword': u'$2a$10$LY7.ozlsZXN7X7QDKJmhce.yMcSvmKMpck4RgcG55bwT00p4PaQYq', u'_id': ObjectId('55fd55600b503c3ec4116c65')}
2015-09-19 12:30:24+0000 [norix] INFO: Seminar Laugardagar kl. 10:00 added to collection
2015-09-19 12:30:24+0000 [scrapy] DEBUG: Scraped from <200 https://armenningar.felog.is/MyPage.aspx>
{'age_group': u'Kr\xedli KK og KVK',
 'group_url': u'ctl00$ContentPlaceHolder1$repeaterUserAccess$ctl01$LinkButton1',
 'period': u'05.09.2015 - 07.11.2015',
 'players_count': u'15',
 'seminar_id': 77994959,
 'seminar_name': u'Laugardagar kl. 10:00',
 'sport_department': u'Taekwondodeild'}
2015-09-19 12:30:24+0000 [norix] INFO: Seminar Gulir added to collection
2015-09-19 12:30:24+0000 [scrapy] DEBUG: Scraped from <200 https://armenningar.felog.is/MyPage.aspx>
{'age_group': u'Yngri byrjendur KK og KVK',
 'group_url': u'ctl00$ContentPlaceHolder1$repeaterUserAccess$ctl02$LinkButton1',
 'period': u'26.08.2015 - 18.12.2015',
 'players_count': u'8',
 'seminar_id': 51169722,
 'seminar_name': u'Gulir',
 'sport_department': u'Taekwondodeild'}
2015-09-19 12:30:24+0000 [norix] INFO: Seminar Orange added to collection
2015-09-19 12:30:24+0000 [scrapy] DEBUG: Scraped from <200 https://armenningar.felog.is/MyPage.aspx>
{'age_group': u'Eldri byrjendur KK og KVK',
 'group_url': u'ctl00$ContentPlaceHolder1$repeaterUserAccess$ctl03$LinkButton1',
 'period': u'26.08.2015 - 18.12.2015',
 'players_count': u'2',
 'seminar_id': 64014755,
 'seminar_name': u'Orange',
 'sport_department': u'Taekwondodeild'}
2015-09-19 12:30:24+0000 [norix] INFO: Seminar Bláir added to collection
2015-09-19 12:30:24+0000 [scrapy] DEBUG: Scraped from <200 https://armenningar.felog.is/MyPage.aspx>
{'age_group': u'Yngri framhaldsh\xf3pur KK og KVK',
 'group_url': u'ctl00$ContentPlaceHolder1$repeaterUserAccess$ctl04$LinkButton1',
 'period': u'26.08.2015 - 18.12.2015',
 'players_count': u'6',
 'seminar_id': 23393825,
 'seminar_name': u'Bl\xe1ir',
 'sport_department': u'Taekwondodeild'}
2015-09-19 12:30:24+0000 [norix] INFO: Seminar Byrjendur og lengra komnir 13 ára og eldri added to collection
2015-09-19 12:30:24+0000 [scrapy] DEBUG: Scraped from <200 https://armenningar.felog.is/MyPage.aspx>
{'age_group': u'Drekar KK og KVK',
 'group_url': u'ctl00$ContentPlaceHolder1$repeaterUserAccess$ctl05$LinkButton1',
 'period': u'26.08.2015 - 18.12.2015',
 'players_count': u'10',
 'seminar_id': 67088382,
 'seminar_name': u'Byrjendur og lengra komnir 13 \xe1ra og eldri',
 'sport_department': u'Taekwondodeild'}
2015-09-19 12:30:24+0000 [norix] INFO: Seminar Rauðir added to collection
2015-09-19 12:30:24+0000 [scrapy] DEBUG: Scraped from <200 https://armenningar.felog.is/MyPage.aspx>
{'age_group': u'Framhaldsh\xf3pur KK og KVK',
 'group_url': u'ctl00$ContentPlaceHolder1$repeaterUserAccess$ctl06$LinkButton1',
 'period': u'26.08.2015 - 18.12.2015',
 'players_count': u'15',
 'seminar_id': 72980988,
 'seminar_name': u'Rau\xf0ir',
 'sport_department': u'Taekwondodeild'}
2015-09-19 12:30:24+0000 [scrapy] DEBUG: Redirecting (302) to <GET https://armenningar.felog.is/ShowGroupMembers.aspx> from <POST https://armenningar.felog.is/MyPage.aspx>
2015-09-19 12:30:25+0000 [scrapy] DEBUG: Redirecting (302) to <GET https://armenningar.felog.is/ShowGroupMembers.aspx> from <POST https://armenningar.felog.is/MyPage.aspx>
2015-09-19 12:30:25+0000 [scrapy] DEBUG: Redirecting (302) to <GET https://armenningar.felog.is/ShowGroupMembers.aspx> from <POST https://armenningar.felog.is/MyPage.aspx>
2015-09-19 12:30:25+0000 [scrapy] DEBUG: Crawled (200) <GET https://armenningar.felog.is/ShowGroupMembers.aspx> (referer: https://armenningar.felog.is/MyPage.aspx)
2015-09-19 12:30:25+0000 [norix] INFO: Player Aðalsteinn Logi Bernharðsson added to collection
2015-09-19 12:30:25+0000 [scrapy] DEBUG: Scraped from <200 https://armenningar.felog.is/ShowGroupMembers.aspx>
{'email': u'bernharth@gmail.com',
 'phone': u'6990119',
 'player_name': u'A\xf0alsteinn Logi Bernhar\xf0sson',
 'seminars': 77994959,
 'ssn': u'290411-2460',
 'status': u'Skr\xe1\xf0(ur)'}
2015-09-19 12:30:25+0000 [norix] INFO: Player Arnaldur Kjárr Arnþórsson added to collection
2015-09-19 12:30:25+0000 [scrapy] DEBUG: Scraped from <200 https://armenningar.felog.is/ShowGroupMembers.aspx>
{'email': u'arnaldurkjarr@gmail.com',
 'phone': u'8688666',
 'player_name': u'Arnaldur Kj\xe1rr Arn\xfe\xf3rsson',
 'seminars': 77994959,
 'ssn': u'101210-2860',
 'status': u'Skr\xe1\xf0(ur)'}
2015-09-19 12:30:25+0000 [norix] INFO: Player Árún Emma Jóns Helgudóttir added to collection
2015-09-19 12:30:25+0000 [scrapy] DEBUG: Scraped from <200 https://armenningar.felog.is/ShowGroupMembers.aspx>
{'email': u'',
 'phone': u'',
 'player_name': u'\xc1r\xfan Emma J\xf3ns Helgud\xf3ttir',
 'seminars': 77994959,
 'ssn': u'290311-4110',
 'status': u'Skr\xe1\xf0(ur)'}
2015-09-19 12:30:25+0000 [norix] INFO: Player Breki Hrafn Helgason added to collection
2015-09-19 12:30:25+0000 [scrapy] DEBUG: Scraped from <200 https://armenningar.felog.is/ShowGroupMembers.aspx>
{'email': u'hjodda29@hotmail.com',
 'phone': u'8680623',
 'player_name': u'Breki Hrafn Helgason',
 'seminars': 77994959,
 'ssn': u'120212-2140',
 'status': u'Skr\xe1\xf0(ur)'}
2015-09-19 12:30:25+0000 [norix] INFO: Player Egill Hugrúnarson Guðjónsson added to collection
2015-09-19 12:30:25+0000 [scrapy] DEBUG: Scraped from <200 https://armenningar.felog.is/ShowGroupMembers.aspx>
{'email': u'',
 'phone': u'',
 'player_name': u'Egill Hugr\xfanarson Gu\xf0j\xf3nsson',
 'seminars': 77994959,
 'ssn': u'290212-2000',
 'status': u'Skr\xe1\xf0(ur)'}
2015-09-19 12:30:25+0000 [norix] INFO: Player Erik Bjarki Juto added to collection
2015-09-19 12:30:25+0000 [scrapy] DEBUG: Scraped from <200 https://armenningar.felog.is/ShowGroupMembers.aspx>
{'email': u'Elsarg@simnet.is',
 'phone': u'8680657',
 'player_name': u'Erik Bjarki Juto',
 'seminars': 77994959,
 'ssn': u'260511-2460',
 'status': u'Skr\xe1\xf0(ur)'}
2015-09-19 12:30:25+0000 [norix] INFO: Player Erpur Þórðarson added to collection
2015-09-19 12:30:25+0000 [scrapy] DEBUG: Scraped from <200 https://armenningar.felog.is/ShowGroupMembers.aspx>
{'email': u'audurkvaran@gmail.com',
 'phone': u'6941056',
 'player_name': u'Erpur \xde\xf3r\xf0arson',
 'seminars': 77994959,
 'ssn': u'250612-3030',
 'status': u'Skr\xe1\xf0(ur)'}
2015-09-19 12:30:25+0000 [norix] INFO: Player Grettir Þórðarson added to collection
2015-09-19 12:30:25+0000 [scrapy] DEBUG: Scraped from <200 https://armenningar.felog.is/ShowGroupMembers.aspx>
{'email': u'audurkvaran@gmail.com',
 'phone': u'6941056',
 'player_name': u'Grettir \xde\xf3r\xf0arson',
 'seminars': 77994959,
 'ssn': u'191010-2560',
 'status': u'Skr\xe1\xf0(ur)'}
2015-09-19 12:30:25+0000 [norix] INFO: Player Guðjón Ingi Skúlason added to collection
2015-09-19 12:30:25+0000 [scrapy] DEBUG: Scraped from <200 https://armenningar.felog.is/ShowGroupMembers.aspx>
{'email': u'sbg@logreglan.is',
 'phone': u'3548466714',
 'player_name': u'Gu\xf0j\xf3n Ingi Sk\xfalason',
 'seminars': 77994959,
 'ssn': u'310311-2510',
 'status': u'Skr\xe1\xf0(ur)'}
2015-09-19 12:30:25+0000 [norix] INFO: Player Heba Hallsdóttir added to collection
2015-09-19 12:30:25+0000 [scrapy] DEBUG: Scraped from <200 https://armenningar.felog.is/ShowGroupMembers.aspx>
{'email': u'',
 'phone': u'',
 'player_name': u'Heba Hallsd\xf3ttir',
 'seminars': 77994959,
 'ssn': u'160112-2120',
 'status': u'Skr\xe1\xf0(ur)'}
2015-09-19 12:30:25+0000 [norix] INFO: Player Hólmar Loki Ragnarsson added to collection
2015-09-19 12:30:25+0000 [scrapy] DEBUG: Scraped from <200 https://armenningar.felog.is/ShowGroupMembers.aspx>
{'email': u'rii@eimskip.is',
 'phone': u'8257676',
 'player_name': u'H\xf3lmar Loki Ragnarsson',
 'seminars': 77994959,
 'ssn': u'031011-2800',
 'status': u'Skr\xe1\xf0(ur)'}
2015-09-19 12:30:25+0000 [norix] INFO: Player Jón Óttar Jónsson added to collection
2015-09-19 12:30:25+0000 [scrapy] DEBUG: Scraped from <200 https://armenningar.felog.is/ShowGroupMembers.aspx>
{'email': u'katapalsdottir@gmail.com',
 'phone': u'8664488',
 'player_name': u'J\xf3n \xd3ttar J\xf3nsson',
 'seminars': 77994959,
 'ssn': u'210612-3350',
 'status': u'Skr\xe1\xf0(ur)'}
2015-09-19 12:30:25+0000 [norix] INFO: Player Katla Björk Claas Arnarsdóttir added to collection
2015-09-19 12:30:25+0000 [scrapy] DEBUG: Scraped from <200 https://armenningar.felog.is/ShowGroupMembers.aspx>
{'email': u'jovannaiceland@gmail.com',
 'phone': u'4546470',
 'player_name': u'Katla Bj\xf6rk Claas Arnarsd\xf3ttir',
 'seminars': 77994959,
 'ssn': u'300911-2420',
 'status': u'Skr\xe1\xf0(ur)'}
2015-09-19 12:30:25+0000 [norix] INFO: Player Loki Brynjarsson added to collection
2015-09-19 12:30:25+0000 [scrapy] DEBUG: Scraped from <200 https://armenningar.felog.is/ShowGroupMembers.aspx>
{'email': u'ingaind@gmail.com',
 'phone': u'6991031',
 'player_name': u'Loki Brynjarsson',
 'seminars': 77994959,
 'ssn': u'190211-2900',
 'status': u'Skr\xe1\xf0(ur)'}
2015-09-19 12:30:25+0000 [norix] INFO: Player Móeiður Arnarsdóttir added to collection
2015-09-19 12:30:25+0000 [scrapy] DEBUG: Scraped from <200 https://armenningar.felog.is/ShowGroupMembers.aspx>
{'email': u'Thorunnbald@gmail.com',
 'phone': u'8941975',
 'player_name': u'M\xf3ei\xf0ur Arnarsd\xf3ttir',
 'seminars': 77994959,
 'ssn': u'160910-2160',
 'status': u'Skr\xe1\xf0(ur)'}
2015-09-19 12:30:25+0000 [scrapy] DEBUG: Crawled (200) <GET https://armenningar.felog.is/ShowGroupMembers.aspx> (referer: https://armenningar.felog.is/MyPage.aspx)
2015-09-19 12:30:25+0000 [norix] INFO: Player Antje Muller added to collection
2015-09-19 12:30:25+0000 [scrapy] DEBUG: Scraped from <200 https://armenningar.felog.is/ShowGroupMembers.aspx>
{'email': u'antje.muller@gmail.com',
 'phone': u'8648499',
 'player_name': u'Antje Muller',
 'seminars': 72980988,
 'ssn': u'310372-2349',
 'status': u'Skr\xe1\xf0(ur)'}
2015-09-19 12:30:25+0000 [norix] INFO: Player Ástþór Arnar Bragason added to collection
2015-09-19 12:30:25+0000 [scrapy] DEBUG: Scraped from <200 https://armenningar.felog.is/ShowGroupMembers.aspx>
{'email': u'',
 'phone': u'',
 'player_name': u'\xc1st\xfe\xf3r Arnar Bragason',
 'seminars': 72980988,
 'ssn': u'080893-2139',
 'status': u'Skr\xe1\xf0(ur)'}
2015-09-19 12:30:25+0000 [norix] INFO: Player Gerður Eva Halldórsdóttir added to collection
2015-09-19 12:30:25+0000 [scrapy] DEBUG: Scraped from <200 https://armenningar.felog.is/ShowGroupMembers.aspx>
{'email': u'gudridur.hrund.helgadottir@mk.is',
 'phone': u'8659973',
 'player_name': u'Ger\xf0ur Eva Halld\xf3rsd\xf3ttir',
 'seminars': 72980988,
 'ssn': u'020701-3070',
 'status': u'Skr\xe1\xf0(ur)'}
2015-09-19 12:30:25+0000 [norix] INFO: Player Gulleik Lövskar added to collection
2015-09-19 12:30:25+0000 [scrapy] DEBUG: Scraped from <200 https://armenningar.felog.is/ShowGroupMembers.aspx>
{'email': u'',
 'phone': u'',
 'player_name': u'Gulleik L\xf6vskar',
 'seminars': 72980988,
 'ssn': u'290664-2419',
 'status': u'Skr\xe1\xf0(ur)'}
2015-09-19 12:30:25+0000 [norix] INFO: Player Halldór Freyr Grettisson added to collection
2015-09-19 12:30:25+0000 [scrapy] DEBUG: Scraped from <200 https://armenningar.felog.is/ShowGroupMembers.aspx>
{'email': u'halldor@grettir.net',
 'phone': u'8209375',
 'player_name': u'Halld\xf3r Freyr Grettisson',
 'seminars': 72980988,
 'ssn': u'300402-3640',
 'status': u'Skr\xe1\xf0(ur)'}
2015-09-19 12:30:25+0000 [norix] INFO: Player Hákon Jan Norðfjörð added to collection
2015-09-19 12:30:25+0000 [scrapy] DEBUG: Scraped from <200 https://armenningar.felog.is/ShowGroupMembers.aspx>
{'email': u'bryndis_p@hotmail.com',
 'phone': u'8443499',
 'player_name': u'H\xe1kon Jan Nor\xf0fj\xf6r\xf0',
 'seminars': 72980988,
 'ssn': u'050902-4390',
 'status': u'Skr\xe1\xf0(ur)'}
2015-09-19 12:30:25+0000 [norix] INFO: Player Heiðrún Þorvaldsdóttir added to collection
2015-09-19 12:30:25+0000 [scrapy] DEBUG: Scraped from <200 https://armenningar.felog.is/ShowGroupMembers.aspx>
{'email': u'heidastora@gmail.com',
 'phone': u'5671760',
 'player_name': u'Hei\xf0r\xfan \xdeorvaldsd\xf3ttir',
 'seminars': 72980988,
 'ssn': u'090889-2069',
 'status': u'Skr\xe1\xf0(ur)'}
2015-09-19 12:30:25+0000 [norix] INFO: Player Írunn Ketilsdóttir added to collection
2015-09-19 12:30:25+0000 [scrapy] DEBUG: Scraped from <200 https://armenningar.felog.is/ShowGroupMembers.aspx>
{'email': u'irunn@isb.is',
 'phone': u'8444249',
 'player_name': u'\xcdrunn Ketilsd\xf3ttir',
 'seminars': 72980988,
 'ssn': u'020869-3569',
 'status': u'Skr\xe1\xf0(ur)'}
2015-09-19 12:30:25+0000 [norix] INFO: Player Jón Guðmundarson Selmuson added to collection
2015-09-19 12:30:25+0000 [scrapy] DEBUG: Scraped from <200 https://armenningar.felog.is/ShowGroupMembers.aspx>
{'email': u'levito@gmail.com',
 'phone': u'7798217',
 'player_name': u'J\xf3n Gu\xf0mundarson Selmuson',
 'seminars': 72980988,
 'ssn': u'190881-5989',
 'status': u'Skr\xe1\xf0(ur)'}
2015-09-19 12:30:25+0000 [norix] INFO: Player Kristín María Vilhjálmsdóttir added to collection
2015-09-19 12:30:25+0000 [scrapy] DEBUG: Scraped from <200 https://armenningar.felog.is/ShowGroupMembers.aspx>
{'email': u'annadora78@hotmail.com',
 'phone': u'5349852',
 'player_name': u'Krist\xedn Mar\xeda Vilhj\xe1lmsd\xf3ttir',
 'seminars': 72980988,
 'ssn': u'100799-3249',
 'status': u'Skr\xe1\xf0(ur)'}
2015-09-19 12:30:25+0000 [norix] INFO: Player Meisam Rafiei added to collection
2015-09-19 12:30:25+0000 [scrapy] DEBUG: Scraped from <200 https://armenningar.felog.is/ShowGroupMembers.aspx>
{'email': u'',
 'phone': u'',
 'player_name': u'Meisam Rafiei',
 'seminars': 72980988,
 'ssn': u'210386-3869',
 'status': u'Skr\xe1\xf0(ur)'}
2015-09-19 12:30:25+0000 [norix] INFO: Player Sandra Mjöll Jónsdóttir added to collection
2015-09-19 12:30:25+0000 [scrapy] DEBUG: Scraped from <200 https://armenningar.felog.is/ShowGroupMembers.aspx>
{'email': u'smj9@hi.is',
 'phone': u'8674359',
 'player_name': u'Sandra Mj\xf6ll J\xf3nsd\xf3ttir',
 'seminars': 72980988,
 'ssn': u'191188-2849',
 'status': u'Skr\xe1\xf0(ur)'}
2015-09-19 12:30:25+0000 [norix] INFO: Player Sigurjón Ólafsson added to collection
2015-09-19 12:30:25+0000 [scrapy] DEBUG: Scraped from <200 https://armenningar.felog.is/ShowGroupMembers.aspx>
{'email': u'sol@javerk.is',
 'phone': u'8601706',
 'player_name': u'Sigurj\xf3n \xd3lafsson',
 'seminars': 72980988,
 'ssn': u'061169-3859',
 'status': u'Skr\xe1\xf0(ur)'}
2015-09-19 12:30:25+0000 [norix] INFO: Player Viktor Snær Flosason added to collection
2015-09-19 12:30:25+0000 [scrapy] DEBUG: Scraped from <200 https://armenningar.felog.is/ShowGroupMembers.aspx>
{'email': u'flosip@internet.is',
 'phone': u'6992828',
 'player_name': u'Viktor Sn\xe6r Flosason',
 'seminars': 72980988,
 'ssn': u'230502-2260',
 'status': u'Skr\xe1\xf0(ur)'}
2015-09-19 12:30:25+0000 [norix] INFO: Player Þórarinn Grettir Einarsson added to collection
2015-09-19 12:30:25+0000 [scrapy] DEBUG: Scraped from <200 https://armenningar.felog.is/ShowGroupMembers.aspx>
{'email': u'grettir.einarsson@gmail.com',
 'phone': u'8209375',
 'player_name': u'\xde\xf3rarinn Grettir Einarsson',
 'seminars': 72980988,
 'ssn': u'190575-4629',
 'status': u'Skr\xe1\xf0(ur)'}
2015-09-19 12:30:25+0000 [scrapy] DEBUG: Redirecting (302) to <GET https://armenningar.felog.is/ShowGroupMembers.aspx> from <POST https://armenningar.felog.is/MyPage.aspx>
2015-09-19 12:30:25+0000 [scrapy] DEBUG: Redirecting (302) to <GET https://armenningar.felog.is/ShowGroupMembers.aspx> from <POST https://armenningar.felog.is/MyPage.aspx>
2015-09-19 12:30:25+0000 [scrapy] DEBUG: Crawled (200) <GET https://armenningar.felog.is/ShowGroupMembers.aspx> (referer: https://armenningar.felog.is/MyPage.aspx)
2015-09-19 12:30:25+0000 [norix] INFO: Player Íris Þöll Hróbjartsdóttir added to collection
2015-09-19 12:30:25+0000 [scrapy] DEBUG: Scraped from <200 https://armenningar.felog.is/ShowGroupMembers.aspx>
{'email': u'solveigh@gmail.com',
 'phone': u'6599129',
 'player_name': u'\xcdris \xde\xf6ll Hr\xf3bjartsd\xf3ttir',
 'seminars': 51169722,
 'ssn': u'060905-3980',
 'status': u'Skr\xe1\xf0(ur)'}
2015-09-19 12:30:25+0000 [norix] INFO: Player Snorri Esekíel Jóhannesson added to collection
2015-09-19 12:30:25+0000 [scrapy] DEBUG: Scraped from <200 https://armenningar.felog.is/ShowGroupMembers.aspx>
{'email': u'josno@simnet.is',
 'phone': u'8970739',
 'player_name': u'Snorri Esek\xedel J\xf3hannesson',
 'seminars': 51169722,
 'ssn': u'050904-2290',
 'status': u'Skr\xe1\xf0(ur)'}
2015-09-19 12:30:25+0000 [norix] INFO: Player Sunna Lind Ingvarsdóttir added to collection
2015-09-19 12:30:25+0000 [scrapy] DEBUG: Scraped from <200 https://armenningar.felog.is/ShowGroupMembers.aspx>
{'email': u'dabbsa9@gmail.com',
 'phone': u'8209529',
 'player_name': u'Sunna Lind Ingvarsd\xf3ttir',
 'seminars': 51169722,
 'ssn': u'210107-2580',
 'status': u'Skr\xe1\xf0(ur)'}
2015-09-19 12:30:25+0000 [norix] INFO: Player Sverrir Þór Vilhjálmsson added to collection
2015-09-19 12:30:25+0000 [scrapy] DEBUG: Scraped from <200 https://armenningar.felog.is/ShowGroupMembers.aspx>
{'email': u'annadora78@hotmail.com',
 'phone': u'8989852',
 'player_name': u'Sverrir \xde\xf3r Vilhj\xe1lmsson',
 'seminars': 51169722,
 'ssn': u'111005-3030',
 'status': u'Skr\xe1\xf0(ur)'}
2015-09-19 12:30:25+0000 [norix] INFO: Player Vilhjálmur Þór Olsen added to collection
2015-09-19 12:30:25+0000 [scrapy] DEBUG: Scraped from <200 https://armenningar.felog.is/ShowGroupMembers.aspx>
{'email': u'kristin.vilhjalmsdottir@reykjavik.is',
 'phone': u'5610065',
 'player_name': u'Vilhj\xe1lmur \xde\xf3r Olsen',
 'seminars': 51169722,
 'ssn': u'070105-2760',
 'status': u'Skr\xe1\xf0(ur)'}
2015-09-19 12:30:25+0000 [norix] INFO: Player Ævar Nunez Kvaran added to collection
2015-09-19 12:30:25+0000 [scrapy] DEBUG: Scraped from <200 https://armenningar.felog.is/ShowGroupMembers.aspx>
{'email': u'kvaranita@hotmail.com',
 'phone': u'5532176',
 'player_name': u'\xc6var Nunez Kvaran',
 'seminars': 51169722,
 'ssn': u'171204-2160',
 'status': u'Skr\xe1\xf0(ur)'}
2015-09-19 12:30:25+0000 [scrapy] DEBUG: Redirecting (302) to <GET https://armenningar.felog.is/ShowGroupMembers.aspx> from <POST https://armenningar.felog.is/MyPage.aspx>
2015-09-19 12:30:26+0000 [scrapy] DEBUG: Crawled (200) <GET https://armenningar.felog.is/ShowGroupMembers.aspx> (referer: https://armenningar.felog.is/MyPage.aspx)
2015-09-19 12:30:26+0000 [norix] INFO: Player Isadóra Bjarkardóttir Barney added to collection
2015-09-19 12:30:26+0000 [scrapy] DEBUG: Scraped from <200 https://armenningar.felog.is/ShowGroupMembers.aspx>
{'email': u'',
 'phone': u'',
 'player_name': u'Isad\xf3ra Bjarkard\xf3ttir Barney',
 'seminars': 64014755,
 'ssn': u'031002-3380',
 'status': u'Skr\xe1\xf0(ur)'}
2015-09-19 12:30:26+0000 [norix] INFO: Player Styrmir Hrafn Steinunnarson added to collection
2015-09-19 12:30:26+0000 [scrapy] DEBUG: Scraped from <200 https://armenningar.felog.is/ShowGroupMembers.aspx>
{'email': u'rosasturlu@hotmail.com',
 'phone': u'8686029',
 'player_name': u'Styrmir Hrafn Steinunnarson',
 'seminars': 64014755,
 'ssn': u'270704-2120',
 'status': u'Skr\xe1\xf0(ur)'}
2015-09-19 12:30:26+0000 [scrapy] DEBUG: Crawled (200) <GET https://armenningar.felog.is/ShowGroupMembers.aspx> (referer: https://armenningar.felog.is/MyPage.aspx)
2015-09-19 12:30:26+0000 [norix] INFO: Player Íris Þöll Hróbjartsdóttir added to collection
2015-09-19 12:30:26+0000 [scrapy] DEBUG: Scraped from <200 https://armenningar.felog.is/ShowGroupMembers.aspx>
{'email': u'solveigh@gmail.com',
 'phone': u'6599129',
 'player_name': u'\xcdris \xde\xf6ll Hr\xf3bjartsd\xf3ttir',
 'seminars': 67088382,
 'ssn': u'060905-3980',
 'status': u'Skr\xe1\xf0(ur)'}
2015-09-19 12:30:26+0000 [norix] INFO: Player Snorri Esekíel Jóhannesson added to collection
2015-09-19 12:30:26+0000 [scrapy] DEBUG: Scraped from <200 https://armenningar.felog.is/ShowGroupMembers.aspx>
{'email': u'josno@simnet.is',
 'phone': u'8970739',
 'player_name': u'Snorri Esek\xedel J\xf3hannesson',
 'seminars': 67088382,
 'ssn': u'050904-2290',
 'status': u'Skr\xe1\xf0(ur)'}
2015-09-19 12:30:26+0000 [norix] INFO: Player Sunna Lind Ingvarsdóttir added to collection
2015-09-19 12:30:26+0000 [scrapy] DEBUG: Scraped from <200 https://armenningar.felog.is/ShowGroupMembers.aspx>
{'email': u'dabbsa9@gmail.com',
 'phone': u'8209529',
 'player_name': u'Sunna Lind Ingvarsd\xf3ttir',
 'seminars': 67088382,
 'ssn': u'210107-2580',
 'status': u'Skr\xe1\xf0(ur)'}
2015-09-19 12:30:26+0000 [norix] INFO: Player Sverrir Þór Vilhjálmsson added to collection
2015-09-19 12:30:26+0000 [scrapy] DEBUG: Scraped from <200 https://armenningar.felog.is/ShowGroupMembers.aspx>
{'email': u'annadora78@hotmail.com',
 'phone': u'8989852',
 'player_name': u'Sverrir \xde\xf3r Vilhj\xe1lmsson',
 'seminars': 67088382,
 'ssn': u'111005-3030',
 'status': u'Skr\xe1\xf0(ur)'}
2015-09-19 12:30:26+0000 [norix] INFO: Player Vilhjálmur Þór Olsen added to collection
2015-09-19 12:30:26+0000 [scrapy] DEBUG: Scraped from <200 https://armenningar.felog.is/ShowGroupMembers.aspx>
{'email': u'kristin.vilhjalmsdottir@reykjavik.is',
 'phone': u'5610065',
 'player_name': u'Vilhj\xe1lmur \xde\xf3r Olsen',
 'seminars': 67088382,
 'ssn': u'070105-2760',
 'status': u'Skr\xe1\xf0(ur)'}
2015-09-19 12:30:26+0000 [norix] INFO: Player Ævar Nunez Kvaran added to collection
2015-09-19 12:30:26+0000 [scrapy] DEBUG: Scraped from <200 https://armenningar.felog.is/ShowGroupMembers.aspx>
{'email': u'kvaranita@hotmail.com',
 'phone': u'5532176',
 'player_name': u'\xc6var Nunez Kvaran',
 'seminars': 67088382,
 'ssn': u'171204-2160',
 'status': u'Skr\xe1\xf0(ur)'}
2015-09-19 12:30:27+0000 [scrapy] DEBUG: Crawled (200) <GET https://armenningar.felog.is/ShowGroupMembers.aspx> (referer: https://armenningar.felog.is/MyPage.aspx)
2015-09-19 12:30:27+0000 [norix] INFO: Player Isadóra Bjarkardóttir Barney added to collection
2015-09-19 12:30:27+0000 [scrapy] DEBUG: Scraped from <200 https://armenningar.felog.is/ShowGroupMembers.aspx>
{'email': u'',
 'phone': u'',
 'player_name': u'Isad\xf3ra Bjarkard\xf3ttir Barney',
 'seminars': 23393825,
 'ssn': u'031002-3380',
 'status': u'Skr\xe1\xf0(ur)'}
2015-09-19 12:30:27+0000 [norix] INFO: Player Styrmir Hrafn Steinunnarson added to collection
2015-09-19 12:30:27+0000 [scrapy] DEBUG: Scraped from <200 https://armenningar.felog.is/ShowGroupMembers.aspx>
{'email': u'rosasturlu@hotmail.com',
 'phone': u'8686029',
 'player_name': u'Styrmir Hrafn Steinunnarson',
 'seminars': 23393825,
 'ssn': u'270704-2120',
 'status': u'Skr\xe1\xf0(ur)'}
2015-09-19 12:30:27+0000 [scrapy] INFO: Closing spider (finished)
2015-09-19 12:30:27+0000 [scrapy] INFO: Dumping Scrapy stats:
{'downloader/request_bytes': 24043,
 'downloader/request_count': 16,
 'downloader/request_method_count/GET': 9,
 'downloader/request_method_count/POST': 7,
 'downloader/response_bytes': 327590,
 'downloader/response_count': 16,
 'downloader/response_status_count/200': 8,
 'downloader/response_status_count/302': 7,
 'downloader/response_status_count/303': 1,
 'finish_reason': 'finished',
 'finish_time': datetime.datetime(2015, 9, 19, 12, 30, 27, 155058),
 'item_scraped_count': 52,
 'log_count/DEBUG': 69,
 'log_count/INFO': 66,
 'request_depth_max': 2,
 'response_received_count': 8,
 'scheduler/dequeued': 16,
 'scheduler/dequeued/memory': 16,
 'scheduler/enqueued': 16,
 'scheduler/enqueued/memory': 16,
 'start_time': datetime.datetime(2015, 9, 19, 12, 30, 23, 572237)}
2015-09-19 12:30:27+0000 [scrapy] INFO: Spider closed (finished)
