2015-09-09 13:29:23+0000 [scrapy] DEBUG: Redirecting (303) to <GET https://armenningar.felog.is/UsersLogin.aspx> from <GET http://armenningar.felog.is/UsersLogin.aspx>
2015-09-09 13:29:23+0000 [scrapy] DEBUG: Crawled (200) <GET https://armenningar.felog.is/UsersLogin.aspx> (referer: None)
2015-09-09 13:29:23+0000 [norix] INFO: Logging in to:  https://armenningar.felog.is/UsersLogin.aspx
2015-09-09 13:29:23+0000 [norix] INFO: User:  levy
2015-09-09 13:29:23+0000 [norix] INFO: Password:  tkd
2015-09-09 13:29:24+0000 [scrapy] DEBUG: Redirecting (302) to <GET https://armenningar.felog.is/MyPage.aspx> from <POST https://armenningar.felog.is/UsersLogin.aspx>
2015-09-09 13:29:24+0000 [scrapy] DEBUG: Crawled (200) <GET https://armenningar.felog.is/MyPage.aspx> (referer: https://armenningar.felog.is/UsersLogin.aspx)
2015-09-09 13:29:24+0000 [norix] DEBUG: Log message
2015-09-09 13:29:24+0000 [norix] INFO: Hi, I am in, what now... 
2015-09-09 13:29:24+0000 [scrapy] ERROR: Spider error processing <GET https://armenningar.felog.is/MyPage.aspx> (referer: https://armenningar.felog.is/UsersLogin.aspx)
Traceback (most recent call last):
  File "/Users/nonni/Code/norix/venv/lib/python2.7/site-packages/scrapy/utils/defer.py", line 96, in iter_errback
    yield next(it)
  File "/Users/nonni/Code/norix/venv/lib/python2.7/site-packages/scrapy/spidermiddlewares/offsite.py", line 28, in process_spider_output
    for x in result:
  File "/Users/nonni/Code/norix/venv/lib/python2.7/site-packages/scrapy/spidermiddlewares/referer.py", line 22, in <genexpr>
    return (_set_referer(r) for r in result or ())
  File "/Users/nonni/Code/norix/venv/lib/python2.7/site-packages/scrapy/spidermiddlewares/urllength.py", line 37, in <genexpr>
    return (r for r in result or () if _filter(r))
  File "/Users/nonni/Code/norix/venv/lib/python2.7/site-packages/scrapy/spidermiddlewares/depth.py", line 54, in <genexpr>
    return (r for r in result or () if _filter(r))
  File "/Users/nonni/Code/norix/norix/norix/spiders/norix_spider.py", line 94, in logged_in
    seminar_item['seminar_id'] = abs(hash(seminar_item['age_group']+seminar_item['seminar'])) % (10 ** 8)
  File "/Users/nonni/Code/norix/venv/lib/python2.7/site-packages/scrapy/item.py", line 56, in __getitem__
    return self._values[key]
KeyError: 'seminar'
2015-09-09 13:29:24+0000 [scrapy] INFO: Closing spider (finished)
2015-09-09 13:29:24+0000 [scrapy] INFO: Dumping Scrapy stats:
{'downloader/request_bytes': 2669,
 'downloader/request_count': 4,
 'downloader/request_method_count/GET': 3,
 'downloader/request_method_count/POST': 1,
 'downloader/response_bytes': 43685,
 'downloader/response_count': 4,
 'downloader/response_status_count/200': 2,
 'downloader/response_status_count/302': 1,
 'downloader/response_status_count/303': 1,
 'finish_reason': 'finished',
 'finish_time': datetime.datetime(2015, 9, 9, 13, 29, 24, 170453),
 'log_count/DEBUG': 5,
 'log_count/ERROR': 1,
 'log_count/INFO': 11,
 'log_count/WARNING': 1,
 'request_depth_max': 1,
 'response_received_count': 2,
 'scheduler/dequeued': 4,
 'scheduler/dequeued/memory': 4,
 'scheduler/enqueued': 4,
 'scheduler/enqueued/memory': 4,
 'spider_exceptions/KeyError': 1,
 'start_time': datetime.datetime(2015, 9, 9, 13, 29, 23, 576766)}
2015-09-09 13:29:24+0000 [scrapy] INFO: Spider closed (finished)
