2015-09-09 13:34:00+0000 [scrapy] DEBUG: Redirecting (303) to <GET https://armenningar.felog.is/UsersLogin.aspx> from <GET http://armenningar.felog.is/UsersLogin.aspx>
2015-09-09 13:34:00+0000 [scrapy] DEBUG: Crawled (200) <GET https://armenningar.felog.is/UsersLogin.aspx> (referer: None)
2015-09-09 13:34:00+0000 [norix] INFO: Logging in to:  https://armenningar.felog.is/UsersLogin.aspx
2015-09-09 13:34:00+0000 [norix] INFO: User:  levy
2015-09-09 13:34:00+0000 [norix] INFO: Password:  tkd
2015-09-09 13:34:00+0000 [scrapy] DEBUG: Redirecting (302) to <GET https://armenningar.felog.is/MyPage.aspx> from <POST https://armenningar.felog.is/UsersLogin.aspx>
2015-09-09 13:34:00+0000 [scrapy] DEBUG: Crawled (200) <GET https://armenningar.felog.is/MyPage.aspx> (referer: https://armenningar.felog.is/UsersLogin.aspx)
2015-09-09 13:34:00+0000 [norix] DEBUG: Log message
2015-09-09 13:34:00+0000 [norix] INFO: Hi, I am in, what now... 
2015-09-09 13:34:00+0000 [scrapy] DEBUG: Scraped from <200 https://armenningar.felog.is/MyPage.aspx>
{'age_group': u'Kr\xedli KK og KVK',
 'group_url': u'ctl00$ContentPlaceHolder1$repeaterUserAccess$ctl01$LinkButton1',
 'period': u'05.09.2015 - 07.11.2015',
 'players_count': u'13',
 'seminar_id': 41527446,
 'seminar_name': u'Laugardagar kl. 10:00',
 'sport_department': u'Taekwondodeild'}
2015-09-09 13:34:00+0000 [scrapy] DEBUG: Scraped from <200 https://armenningar.felog.is/MyPage.aspx>
{'age_group': u'Yngri byrjendur KK og KVK',
 'group_url': u'ctl00$ContentPlaceHolder1$repeaterUserAccess$ctl02$LinkButton1',
 'period': u'26.08.2015 - 18.12.2015',
 'players_count': u'7',
 'seminar_id': 5668161,
 'seminar_name': u'Gulir',
 'sport_department': u'Taekwondodeild'}
2015-09-09 13:34:00+0000 [scrapy] DEBUG: Scraped from <200 https://armenningar.felog.is/MyPage.aspx>
{'age_group': u'Eldri byrjendur KK og KVK',
 'group_url': u'ctl00$ContentPlaceHolder1$repeaterUserAccess$ctl03$LinkButton1',
 'period': u'26.08.2015 - 18.12.2015',
 'players_count': u'1',
 'seminar_id': 46280618,
 'seminar_name': u'Orange',
 'sport_department': u'Taekwondodeild'}
2015-09-09 13:34:00+0000 [scrapy] DEBUG: Scraped from <200 https://armenningar.felog.is/MyPage.aspx>
{'age_group': u'Yngri framhaldsh\xf3pur KK og KVK',
 'group_url': u'ctl00$ContentPlaceHolder1$repeaterUserAccess$ctl04$LinkButton1',
 'period': u'26.08.2015 - 18.12.2015',
 'players_count': u'3',
 'seminar_id': 52832238,
 'seminar_name': u'Bl\xe1ir',
 'sport_department': u'Taekwondodeild'}
2015-09-09 13:34:00+0000 [scrapy] DEBUG: Scraped from <200 https://armenningar.felog.is/MyPage.aspx>
{'age_group': u'Drekar KK og KVK',
 'group_url': u'ctl00$ContentPlaceHolder1$repeaterUserAccess$ctl05$LinkButton1',
 'period': u'26.08.2015 - 18.12.2015',
 'players_count': u'9',
 'seminar_id': 65314527,
 'seminar_name': u'Byrjendur og lengra komnir 13 \xe1ra og eldri',
 'sport_department': u'Taekwondodeild'}
2015-09-09 13:34:00+0000 [scrapy] DEBUG: Scraped from <200 https://armenningar.felog.is/MyPage.aspx>
{'age_group': u'Framhaldsh\xf3pur KK og KVK',
 'group_url': u'ctl00$ContentPlaceHolder1$repeaterUserAccess$ctl06$LinkButton1',
 'period': u'26.08.2015 - 18.12.2015',
 'players_count': u'5',
 'seminar_id': 39884877,
 'seminar_name': u'Rau\xf0ir',
 'sport_department': u'Taekwondodeild'}
2015-09-09 13:34:00+0000 [scrapy] DEBUG: Redirecting (302) to <GET https://armenningar.felog.is/ShowGroupMembers.aspx> from <POST https://armenningar.felog.is/MyPage.aspx>
2015-09-09 13:34:00+0000 [scrapy] DEBUG: Crawled (200) <GET https://armenningar.felog.is/ShowGroupMembers.aspx> (referer: https://armenningar.felog.is/MyPage.aspx)
2015-09-09 13:34:00+0000 [norix] INFO: player_item["seminars"]  46280618
2015-09-09 13:34:01+0000 [scrapy] DEBUG: Scraped from <200 https://armenningar.felog.is/ShowGroupMembers.aspx>
{'email': u'',
 'phone': u'',
 'player_name': u'Isad\xf3ra Bjarkard\xf3ttir Barney',
 'seminars': 46280618,
 'ssn': u'031002-3380',
 'status': u'Skr\xe1\xf0(ur)'}
2015-09-09 13:34:01+0000 [scrapy] DEBUG: Redirecting (302) to <GET https://armenningar.felog.is/ShowGroupMembers.aspx> from <POST https://armenningar.felog.is/MyPage.aspx>
2015-09-09 13:34:02+0000 [scrapy] DEBUG: Crawled (200) <GET https://armenningar.felog.is/ShowGroupMembers.aspx> (referer: https://armenningar.felog.is/MyPage.aspx)
2015-09-09 13:34:02+0000 [norix] INFO: player_item["seminars"]  41527446
2015-09-09 13:34:02+0000 [scrapy] DEBUG: Scraped from <200 https://armenningar.felog.is/ShowGroupMembers.aspx>
{'email': u'bernharth@gmail.com',
 'phone': u'6990119',
 'player_name': u'A\xf0alsteinn Logi Bernhar\xf0sson',
 'seminars': 41527446,
 'ssn': u'290411-2460',
 'status': u'Skr\xe1\xf0(ur)'}
2015-09-09 13:34:02+0000 [scrapy] DEBUG: Redirecting (302) to <GET https://armenningar.felog.is/ShowGroupMembers.aspx> from <POST https://armenningar.felog.is/MyPage.aspx>
2015-09-09 13:34:02+0000 [norix] INFO: player_item["seminars"]  41527446
2015-09-09 13:34:02+0000 [scrapy] DEBUG: Scraped from <200 https://armenningar.felog.is/ShowGroupMembers.aspx>
{'email': u'',
 'phone': u'',
 'player_name': u'\xc1r\xfan Emma J\xf3ns Helgud\xf3ttir',
 'seminars': 41527446,
 'ssn': u'290311-4110',
 'status': u'Skr\xe1\xf0(ur)'}
2015-09-09 13:34:02+0000 [scrapy] DEBUG: Redirecting (302) to <GET https://armenningar.felog.is/ShowGroupMembers.aspx> from <POST https://armenningar.felog.is/MyPage.aspx>
2015-09-09 13:34:02+0000 [norix] INFO: player_item["seminars"]  41527446
2015-09-09 13:34:02+0000 [scrapy] DEBUG: Scraped from <200 https://armenningar.felog.is/ShowGroupMembers.aspx>
{'email': u'hjodda29@hotmail.com',
 'phone': u'8680623',
 'player_name': u'Breki Hrafn Helgason',
 'seminars': 41527446,
 'ssn': u'120212-2140',
 'status': u'Skr\xe1\xf0(ur)'}
2015-09-09 13:34:02+0000 [scrapy] DEBUG: Crawled (200) <GET https://armenningar.felog.is/ShowGroupMembers.aspx> (referer: https://armenningar.felog.is/MyPage.aspx)
2015-09-09 13:34:02+0000 [norix] INFO: player_item["seminars"]  41527446
2015-09-09 13:34:02+0000 [scrapy] DEBUG: Scraped from <200 https://armenningar.felog.is/ShowGroupMembers.aspx>
{'email': u'',
 'phone': u'',
 'player_name': u'Egill Hugr\xfanarson Gu\xf0j\xf3nsson',
 'seminars': 41527446,
 'ssn': u'290212-2000',
 'status': u'Skr\xe1\xf0(ur)'}
2015-09-09 13:34:02+0000 [scrapy] DEBUG: Crawled (200) <GET https://armenningar.felog.is/ShowGroupMembers.aspx> (referer: https://armenningar.felog.is/MyPage.aspx)
2015-09-09 13:34:02+0000 [norix] INFO: player_item["seminars"]  41527446
2015-09-09 13:34:02+0000 [scrapy] DEBUG: Scraped from <200 https://armenningar.felog.is/ShowGroupMembers.aspx>
{'email': u'Elsarg@simnet.is',
 'phone': u'8680657',
 'player_name': u'Erik Bjarki Juto',
 'seminars': 41527446,
 'ssn': u'260511-2460',
 'status': u'Skr\xe1\xf0(ur)'}
2015-09-09 13:34:02+0000 [norix] INFO: player_item["seminars"]  65314527
2015-09-09 13:34:02+0000 [scrapy] DEBUG: Scraped from <200 https://armenningar.felog.is/ShowGroupMembers.aspx>
{'email': u'josno@simnet.is',
 'phone': u'8970739',
 'player_name': u'Snorri Esek\xedel J\xf3hannesson',
 'seminars': 65314527,
 'ssn': u'050904-2290',
 'status': u'Skr\xe1\xf0(ur)'}
2015-09-09 13:34:02+0000 [norix] INFO: player_item["seminars"]  41527446
2015-09-09 13:34:02+0000 [scrapy] DEBUG: Scraped from <200 https://armenningar.felog.is/ShowGroupMembers.aspx>
{'email': u'audurkvaran@gmail.com',
 'phone': u'6941056',
 'player_name': u'Erpur \xde\xf3r\xf0arson',
 'seminars': 41527446,
 'ssn': u'250612-3030',
 'status': u'Skr\xe1\xf0(ur)'}
2015-09-09 13:34:02+0000 [norix] INFO: player_item["seminars"]  65314527
2015-09-09 13:34:02+0000 [scrapy] DEBUG: Scraped from <200 https://armenningar.felog.is/ShowGroupMembers.aspx>
{'email': u'dabbsa9@gmail.com',
 'phone': u'8209529',
 'player_name': u'Sunna Lind Ingvarsd\xf3ttir',
 'seminars': 65314527,
 'ssn': u'210107-2580',
 'status': u'Skr\xe1\xf0(ur)'}
2015-09-09 13:34:02+0000 [norix] INFO: player_item["seminars"]  52832238
2015-09-09 13:34:02+0000 [scrapy] DEBUG: Scraped from <200 https://armenningar.felog.is/ShowGroupMembers.aspx>
{'email': u'josno@simnet.is',
 'phone': u'8970739',
 'player_name': u'Snorri Esek\xedel J\xf3hannesson',
 'seminars': 52832238,
 'ssn': u'050904-2290',
 'status': u'Skr\xe1\xf0(ur)'}
2015-09-09 13:34:02+0000 [scrapy] DEBUG: Redirecting (302) to <GET https://armenningar.felog.is/ShowGroupMembers.aspx> from <POST https://armenningar.felog.is/MyPage.aspx>
2015-09-09 13:34:02+0000 [norix] INFO: player_item["seminars"]  41527446
2015-09-09 13:34:03+0000 [scrapy] DEBUG: Scraped from <200 https://armenningar.felog.is/ShowGroupMembers.aspx>
{'email': u'audurkvaran@gmail.com',
 'phone': u'6941056',
 'player_name': u'Grettir \xde\xf3r\xf0arson',
 'seminars': 41527446,
 'ssn': u'191010-2560',
 'status': u'Skr\xe1\xf0(ur)'}
2015-09-09 13:34:03+0000 [norix] INFO: player_item["seminars"]  65314527
2015-09-09 13:34:03+0000 [scrapy] DEBUG: Scraped from <200 https://armenningar.felog.is/ShowGroupMembers.aspx>
{'email': u'kvaranita@hotmail.com',
 'phone': u'5532176',
 'player_name': u'\xc6var Nunez Kvaran',
 'seminars': 65314527,
 'ssn': u'171204-2160',
 'status': u'Skr\xe1\xf0(ur)'}
2015-09-09 13:34:03+0000 [norix] INFO: player_item["seminars"]  52832238
2015-09-09 13:34:03+0000 [scrapy] DEBUG: Scraped from <200 https://armenningar.felog.is/ShowGroupMembers.aspx>
{'email': u'dabbsa9@gmail.com',
 'phone': u'8209529',
 'player_name': u'Sunna Lind Ingvarsd\xf3ttir',
 'seminars': 52832238,
 'ssn': u'210107-2580',
 'status': u'Skr\xe1\xf0(ur)'}
2015-09-09 13:34:03+0000 [scrapy] DEBUG: Redirecting (302) to <GET https://armenningar.felog.is/ShowGroupMembers.aspx> from <POST https://armenningar.felog.is/MyPage.aspx>
2015-09-09 13:34:03+0000 [norix] INFO: player_item["seminars"]  41527446
2015-09-09 13:34:03+0000 [scrapy] DEBUG: Scraped from <200 https://armenningar.felog.is/ShowGroupMembers.aspx>
{'email': u'skuli@keflavikurkirkja.is',
 'phone': u'3548466714',
 'player_name': u'Gu\xf0j\xf3n Ingi Sk\xfalason',
 'seminars': 41527446,
 'ssn': u'310311-2510',
 'status': u'Skr\xe1\xf0(ur)'}
2015-09-09 13:34:03+0000 [norix] INFO: player_item["seminars"]  52832238
2015-09-09 13:34:03+0000 [scrapy] DEBUG: Scraped from <200 https://armenningar.felog.is/ShowGroupMembers.aspx>
{'email': u'kvaranita@hotmail.com',
 'phone': u'5532176',
 'player_name': u'\xc6var Nunez Kvaran',
 'seminars': 52832238,
 'ssn': u'171204-2160',
 'status': u'Skr\xe1\xf0(ur)'}
2015-09-09 13:34:03+0000 [scrapy] DEBUG: Crawled (200) <GET https://armenningar.felog.is/ShowGroupMembers.aspx> (referer: https://armenningar.felog.is/MyPage.aspx)
2015-09-09 13:34:03+0000 [norix] INFO: player_item["seminars"]  41527446
2015-09-09 13:34:03+0000 [scrapy] DEBUG: Scraped from <200 https://armenningar.felog.is/ShowGroupMembers.aspx>
{'email': u'',
 'phone': u'',
 'player_name': u'Heba Hallsd\xf3ttir',
 'seminars': 41527446,
 'ssn': u'160112-2120',
 'status': u'Skr\xe1\xf0(ur)'}
2015-09-09 13:34:03+0000 [norix] INFO: player_item["seminars"]  41527446
2015-09-09 13:34:03+0000 [scrapy] DEBUG: Scraped from <200 https://armenningar.felog.is/ShowGroupMembers.aspx>
{'email': u'rii@eimskip.is',
 'phone': u'8257676',
 'player_name': u'H\xf3lmar Loki Ragnarsson',
 'seminars': 41527446,
 'ssn': u'031011-2800',
 'status': u'Skr\xe1\xf0(ur)'}
2015-09-09 13:34:03+0000 [norix] INFO: player_item["seminars"]  39884877
2015-09-09 13:34:03+0000 [scrapy] DEBUG: Scraped from <200 https://armenningar.felog.is/ShowGroupMembers.aspx>
{'email': u'padresmurfa@gmail.com;runaeinars@hotmail.com',
 'phone': u'8941929',
 'player_name': u'Einar P\xe1ll Dav\xed\xf0sson',
 'seminars': 39884877,
 'ssn': u'071207-3230',
 'status': u'Skr\xe1\xf0(ur)'}
2015-09-09 13:34:03+0000 [norix] INFO: player_item["seminars"]  41527446
2015-09-09 13:34:03+0000 [scrapy] DEBUG: Scraped from <200 https://armenningar.felog.is/ShowGroupMembers.aspx>
{'email': u'katapalsdottir@gmail.com',
 'phone': u'8664488',
 'player_name': u'J\xf3n \xd3ttar J\xf3nsson',
 'seminars': 41527446,
 'ssn': u'210612-3350',
 'status': u'Skr\xe1\xf0(ur)'}
2015-09-09 13:34:03+0000 [norix] INFO: player_item["seminars"]  39884877
2015-09-09 13:34:03+0000 [scrapy] DEBUG: Scraped from <200 https://armenningar.felog.is/ShowGroupMembers.aspx>
{'email': u'elmar@hi.is',
 'phone': u'8939385',
 'player_name': u'J\xfal\xedan R\xedkar\xf0ur Elmarsson',
 'seminars': 39884877,
 'ssn': u'170908-3250',
 'status': u'Skr\xe1\xf0(ur)'}
2015-09-09 13:34:03+0000 [norix] INFO: player_item["seminars"]  41527446
2015-09-09 13:34:04+0000 [scrapy] DEBUG: Scraped from <200 https://armenningar.felog.is/ShowGroupMembers.aspx>
{'email': u'ingaind@gmail.com',
 'phone': u'6991031',
 'player_name': u'Loki Brynjarsson',
 'seminars': 41527446,
 'ssn': u'190211-2900',
 'status': u'Skr\xe1\xf0(ur)'}
2015-09-09 13:34:04+0000 [norix] INFO: player_item["seminars"]  39884877
2015-09-09 13:34:04+0000 [scrapy] DEBUG: Scraped from <200 https://armenningar.felog.is/ShowGroupMembers.aspx>
{'email': u'kataosk@gmail.com',
 'phone': u'6699563',
 'player_name': u'Logi Sn\xe6r Gu\xf0mundsson',
 'seminars': 39884877,
 'ssn': u'230508-2160',
 'status': u'Skr\xe1\xf0(ur)'}
2015-09-09 13:34:04+0000 [norix] INFO: player_item["seminars"]  41527446
2015-09-09 13:34:04+0000 [scrapy] DEBUG: Scraped from <200 https://armenningar.felog.is/ShowGroupMembers.aspx>
{'email': u'Thorunnbald@gmail.com',
 'phone': u'8941975',
 'player_name': u'M\xf3ei\xf0ur Arnarsd\xf3ttir',
 'seminars': 41527446,
 'ssn': u'160910-2160',
 'status': u'Skr\xe1\xf0(ur)'}
2015-09-09 13:34:04+0000 [norix] INFO: player_item["seminars"]  39884877
2015-09-09 13:34:04+0000 [scrapy] DEBUG: Scraped from <200 https://armenningar.felog.is/ShowGroupMembers.aspx>
{'email': u'Birnadiso@hotmail.com',
 'phone': u'8935929',
 'player_name': u'\xd3lafur P\xe9tur \xde\xf3rj\xf3nsson',
 'seminars': 39884877,
 'ssn': u'110308-3020',
 'status': u'Skr\xe1\xf0(ur)'}
2015-09-09 13:34:04+0000 [scrapy] DEBUG: Crawled (200) <GET https://armenningar.felog.is/ShowGroupMembers.aspx> (referer: https://armenningar.felog.is/MyPage.aspx)
2015-09-09 13:34:04+0000 [norix] INFO: player_item["seminars"]  39884877
2015-09-09 13:34:04+0000 [scrapy] DEBUG: Scraped from <200 https://armenningar.felog.is/ShowGroupMembers.aspx>
{'email': u'',
 'phone': u'',
 'player_name': u'Tupac T\xfdr Nunez Kvaran',
 'seminars': 39884877,
 'ssn': u'120609-3350',
 'status': u'Skr\xe1\xf0(ur)'}
2015-09-09 13:34:04+0000 [norix] INFO: player_item["seminars"]  39884877
2015-09-09 13:34:04+0000 [scrapy] DEBUG: Scraped from <200 https://armenningar.felog.is/ShowGroupMembers.aspx>
{'email': u'vala.sig@gmail.com',
 'phone': u'8422945',
 'player_name': u'\xdalfar Heimisson',
 'seminars': 39884877,
 'ssn': u'030207-2110',
 'status': u'Skr\xe1\xf0(ur)'}
2015-09-09 13:34:04+0000 [norix] INFO: player_item["seminars"]  5668161
2015-09-09 13:34:04+0000 [scrapy] DEBUG: Scraped from <200 https://armenningar.felog.is/ShowGroupMembers.aspx>
{'email': u'padresmurfa@gmail.com;runaeinars@hotmail.com',
 'phone': u'8941929',
 'player_name': u'Einar P\xe1ll Dav\xed\xf0sson',
 'seminars': 5668161,
 'ssn': u'071207-3230',
 'status': u'Skr\xe1\xf0(ur)'}
2015-09-09 13:34:04+0000 [norix] INFO: player_item["seminars"]  39884877
2015-09-09 13:34:04+0000 [scrapy] DEBUG: Scraped from <200 https://armenningar.felog.is/ShowGroupMembers.aspx>
{'email': u'hallasigga@gmail.com;photononni@gmail.com',
 'phone': u'5510617',
 'player_name': u'\xder\xf6stur \xde\xf3r J\xf3nsson',
 'seminars': 39884877,
 'ssn': u'270209-2380',
 'status': u'Skr\xe1\xf0(ur)'}
2015-09-09 13:34:04+0000 [norix] INFO: player_item["seminars"]  5668161
2015-09-09 13:34:04+0000 [scrapy] DEBUG: Scraped from <200 https://armenningar.felog.is/ShowGroupMembers.aspx>
{'email': u'elmar@hi.is',
 'phone': u'8939385',
 'player_name': u'J\xfal\xedan R\xedkar\xf0ur Elmarsson',
 'seminars': 5668161,
 'ssn': u'170908-3250',
 'status': u'Skr\xe1\xf0(ur)'}
2015-09-09 13:34:04+0000 [norix] INFO: player_item["seminars"]  5668161
2015-09-09 13:34:04+0000 [scrapy] DEBUG: Scraped from <200 https://armenningar.felog.is/ShowGroupMembers.aspx>
{'email': u'kataosk@gmail.com',
 'phone': u'6699563',
 'player_name': u'Logi Sn\xe6r Gu\xf0mundsson',
 'seminars': 5668161,
 'ssn': u'230508-2160',
 'status': u'Skr\xe1\xf0(ur)'}
2015-09-09 13:34:04+0000 [norix] INFO: player_item["seminars"]  5668161
2015-09-09 13:34:04+0000 [scrapy] DEBUG: Scraped from <200 https://armenningar.felog.is/ShowGroupMembers.aspx>
{'email': u'Birnadiso@hotmail.com',
 'phone': u'8935929',
 'player_name': u'\xd3lafur P\xe9tur \xde\xf3rj\xf3nsson',
 'seminars': 5668161,
 'ssn': u'110308-3020',
 'status': u'Skr\xe1\xf0(ur)'}
2015-09-09 13:34:04+0000 [norix] INFO: player_item["seminars"]  5668161
2015-09-09 13:34:05+0000 [scrapy] DEBUG: Scraped from <200 https://armenningar.felog.is/ShowGroupMembers.aspx>
{'email': u'',
 'phone': u'',
 'player_name': u'Tupac T\xfdr Nunez Kvaran',
 'seminars': 5668161,
 'ssn': u'120609-3350',
 'status': u'Skr\xe1\xf0(ur)'}
2015-09-09 13:34:05+0000 [norix] INFO: player_item["seminars"]  5668161
2015-09-09 13:34:05+0000 [scrapy] DEBUG: Scraped from <200 https://armenningar.felog.is/ShowGroupMembers.aspx>
{'email': u'vala.sig@gmail.com',
 'phone': u'8422945',
 'player_name': u'\xdalfar Heimisson',
 'seminars': 5668161,
 'ssn': u'030207-2110',
 'status': u'Skr\xe1\xf0(ur)'}
2015-09-09 13:34:05+0000 [norix] INFO: player_item["seminars"]  5668161
2015-09-09 13:34:05+0000 [scrapy] DEBUG: Scraped from <200 https://armenningar.felog.is/ShowGroupMembers.aspx>
{'email': u'hallasigga@gmail.com;photononni@gmail.com',
 'phone': u'5510617',
 'player_name': u'\xder\xf6stur \xde\xf3r J\xf3nsson',
 'seminars': 5668161,
 'ssn': u'270209-2380',
 'status': u'Skr\xe1\xf0(ur)'}
2015-09-09 13:34:05+0000 [scrapy] INFO: Closing spider (finished)
2015-09-09 13:34:05+0000 [scrapy] INFO: Dumping Scrapy stats:
{'downloader/request_bytes': 24031,
 'downloader/request_count': 16,
 'downloader/request_method_count/GET': 9,
 'downloader/request_method_count/POST': 7,
 'downloader/response_bytes': 308321,
 'downloader/response_count': 16,
 'downloader/response_status_count/200': 8,
 'downloader/response_status_count/302': 7,
 'downloader/response_status_count/303': 1,
 'finish_reason': 'finished',
 'finish_time': datetime.datetime(2015, 9, 9, 13, 34, 5, 225537),
 'item_scraped_count': 40,
 'log_count/DEBUG': 165,
 'log_count/INFO': 113,
 'log_count/WARNING': 3,
 'request_depth_max': 2,
 'response_received_count': 8,
 'scheduler/dequeued': 16,
 'scheduler/dequeued/memory': 16,
 'scheduler/enqueued': 16,
 'scheduler/enqueued/memory': 16,
 'start_time': datetime.datetime(2015, 9, 9, 13, 34, 0, 43377)}
2015-09-09 13:34:05+0000 [scrapy] INFO: Spider closed (finished)
