2015-09-19 09:14:17+0000 [scrapy] DEBUG: Redirecting (303) to <GET https://armenningar.felog.is/UsersLogin.aspx> from <GET http://armenningar.felog.is/UsersLogin.aspx>
2015-09-19 09:14:17+0000 [scrapy] DEBUG: Crawled (200) <GET https://armenningar.felog.is/UsersLogin.aspx> (referer: None)
2015-09-19 09:14:17+0000 [norix] INFO: Logging in to:  https://armenningar.felog.is/UsersLogin.aspx
2015-09-19 09:14:17+0000 [norix] INFO: armenningar.felog.is
2015-09-19 09:14:17+0000 [norix] INFO: User:  levy
2015-09-19 09:14:17+0000 [norix] INFO: Password:  swodniW
2015-09-19 09:14:18+0000 [scrapy] DEBUG: Redirecting (302) to <GET https://armenningar.felog.is/MyPage.aspx> from <POST https://armenningar.felog.is/UsersLogin.aspx>
2015-09-19 09:14:18+0000 [scrapy] DEBUG: Crawled (200) <GET https://armenningar.felog.is/MyPage.aspx> (referer: https://armenningar.felog.is/UsersLogin.aspx)
2015-09-19 09:14:18+0000 [norix] DEBUG: Log message
2015-09-19 09:14:18+0000 [norix] INFO: Hi, I am in, lets continue...  https://armenningar.felog.is/MyPage.aspx
2015-09-19 09:14:18+0000 [norix] INFO: Hi, I am in, what now... 
2015-09-19 09:14:18+0000 [norix] INFO: Deleting all seminar associations that contain: {u'club': u'armenningar', u'username': u'levy', u'encryptedPassword': u'$2a$10$m/6WONfNpAwjQcBdpSGFb.sfg472At6yLk9mA.HSUyfwvj7LqdIky', u'_id': ObjectId('55fd24f50b503c3ec4116b51')}
2015-09-19 09:14:18+0000 [norix] INFO: SEMINAR: 77994959
2015-09-19 09:14:18+0000 [norix] INFO: SEMINAR: 51169722
2015-09-19 09:14:18+0000 [norix] INFO: SEMINAR: 64014755
2015-09-19 09:14:18+0000 [norix] INFO: SEMINAR: 23393825
2015-09-19 09:14:18+0000 [norix] INFO: SEMINAR: 67088382
2015-09-19 09:14:18+0000 [norix] INFO: SEMINAR: 72980988
2015-09-19 09:14:18+0000 [norix] DEBUG: Seminar added to collection
2015-09-19 09:14:18+0000 [scrapy] DEBUG: Scraped from <200 https://armenningar.felog.is/MyPage.aspx>
{'age_group': u'Kr\xedli KK og KVK',
 'group_url': u'ctl00$ContentPlaceHolder1$repeaterUserAccess$ctl01$LinkButton1',
 'period': u'05.09.2015 - 07.11.2015',
 'players_count': u'15',
 'seminar_id': 77994959,
 'seminar_name': u'Laugardagar kl. 10:00',
 'sport_department': u'Taekwondodeild'}
2015-09-19 09:14:18+0000 [norix] DEBUG: Seminar added to collection
2015-09-19 09:14:18+0000 [scrapy] DEBUG: Scraped from <200 https://armenningar.felog.is/MyPage.aspx>
{'age_group': u'Yngri byrjendur KK og KVK',
 'group_url': u'ctl00$ContentPlaceHolder1$repeaterUserAccess$ctl02$LinkButton1',
 'period': u'26.08.2015 - 18.12.2015',
 'players_count': u'8',
 'seminar_id': 51169722,
 'seminar_name': u'Gulir',
 'sport_department': u'Taekwondodeild'}
2015-09-19 09:14:18+0000 [norix] DEBUG: Seminar added to collection
2015-09-19 09:14:18+0000 [scrapy] DEBUG: Scraped from <200 https://armenningar.felog.is/MyPage.aspx>
{'age_group': u'Eldri byrjendur KK og KVK',
 'group_url': u'ctl00$ContentPlaceHolder1$repeaterUserAccess$ctl03$LinkButton1',
 'period': u'26.08.2015 - 18.12.2015',
 'players_count': u'2',
 'seminar_id': 64014755,
 'seminar_name': u'Orange',
 'sport_department': u'Taekwondodeild'}
2015-09-19 09:14:18+0000 [norix] DEBUG: Seminar added to collection
2015-09-19 09:14:18+0000 [scrapy] DEBUG: Scraped from <200 https://armenningar.felog.is/MyPage.aspx>
{'age_group': u'Yngri framhaldsh\xf3pur KK og KVK',
 'group_url': u'ctl00$ContentPlaceHolder1$repeaterUserAccess$ctl04$LinkButton1',
 'period': u'26.08.2015 - 18.12.2015',
 'players_count': u'6',
 'seminar_id': 23393825,
 'seminar_name': u'Bl\xe1ir',
 'sport_department': u'Taekwondodeild'}
2015-09-19 09:14:18+0000 [norix] DEBUG: Seminar added to collection
2015-09-19 09:14:18+0000 [scrapy] DEBUG: Scraped from <200 https://armenningar.felog.is/MyPage.aspx>
{'age_group': u'Drekar KK og KVK',
 'group_url': u'ctl00$ContentPlaceHolder1$repeaterUserAccess$ctl05$LinkButton1',
 'period': u'26.08.2015 - 18.12.2015',
 'players_count': u'10',
 'seminar_id': 67088382,
 'seminar_name': u'Byrjendur og lengra komnir 13 \xe1ra og eldri',
 'sport_department': u'Taekwondodeild'}
2015-09-19 09:14:18+0000 [norix] DEBUG: Seminar added to collection
2015-09-19 09:14:18+0000 [scrapy] DEBUG: Scraped from <200 https://armenningar.felog.is/MyPage.aspx>
{'age_group': u'Framhaldsh\xf3pur KK og KVK',
 'group_url': u'ctl00$ContentPlaceHolder1$repeaterUserAccess$ctl06$LinkButton1',
 'period': u'26.08.2015 - 18.12.2015',
 'players_count': u'15',
 'seminar_id': 72980988,
 'seminar_name': u'Rau\xf0ir',
 'sport_department': u'Taekwondodeild'}
2015-09-19 09:14:18+0000 [scrapy] DEBUG: Redirecting (302) to <GET https://armenningar.felog.is/ShowGroupMembers.aspx> from <POST https://armenningar.felog.is/MyPage.aspx>
2015-09-19 09:14:18+0000 [scrapy] DEBUG: Crawled (200) <GET https://armenningar.felog.is/ShowGroupMembers.aspx> (referer: https://armenningar.felog.is/MyPage.aspx)
2015-09-19 09:14:18+0000 [scrapy] DEBUG: Scraped from <200 https://armenningar.felog.is/ShowGroupMembers.aspx>
{'email': u'padresmurfa@gmail.com;runaeinars@hotmail.com',
 'phone': u'8941929',
 'player_name': u'Einar P\xe1ll Dav\xed\xf0sson',
 'seminars': 51169722,
 'ssn': u'071207-3230',
 'status': u'Skr\xe1\xf0(ur)'}
2015-09-19 09:14:18+0000 [scrapy] DEBUG: Scraped from <200 https://armenningar.felog.is/ShowGroupMembers.aspx>
{'email': u'elmar@hi.is',
 'phone': u'8939385',
 'player_name': u'J\xfal\xedan R\xedkar\xf0ur Elmarsson',
 'seminars': 51169722,
 'ssn': u'170908-3250',
 'status': u'Skr\xe1\xf0(ur)'}
2015-09-19 09:14:18+0000 [scrapy] DEBUG: Scraped from <200 https://armenningar.felog.is/ShowGroupMembers.aspx>
{'email': u'kataosk@gmail.com',
 'phone': u'6699563',
 'player_name': u'Logi Sn\xe6r Gu\xf0mundsson',
 'seminars': 51169722,
 'ssn': u'230508-2160',
 'status': u'Skr\xe1\xf0(ur)'}
2015-09-19 09:14:18+0000 [scrapy] DEBUG: Scraped from <200 https://armenningar.felog.is/ShowGroupMembers.aspx>
{'email': u'Birnadiso@hotmail.com',
 'phone': u'8935929',
 'player_name': u'\xd3lafur P\xe9tur \xde\xf3rj\xf3nsson',
 'seminars': 51169722,
 'ssn': u'110308-3020',
 'status': u'Skr\xe1\xf0(ur)'}
2015-09-19 09:14:18+0000 [scrapy] DEBUG: Scraped from <200 https://armenningar.felog.is/ShowGroupMembers.aspx>
{'email': u'tristanasol@gmail.com',
 'phone': u'8660192',
 'player_name': u'Tristana S\xf3l Kristj\xe1nsd\xf3ttir',
 'seminars': 51169722,
 'ssn': u'130506-2750',
 'status': u'Skr\xe1\xf0(ur)'}
2015-09-19 09:14:18+0000 [scrapy] DEBUG: Scraped from <200 https://armenningar.felog.is/ShowGroupMembers.aspx>
{'email': u'',
 'phone': u'',
 'player_name': u'Tupac T\xfdr Nunez Kvaran',
 'seminars': 51169722,
 'ssn': u'120609-3350',
 'status': u'Skr\xe1\xf0(ur)'}
2015-09-19 09:14:18+0000 [scrapy] DEBUG: Scraped from <200 https://armenningar.felog.is/ShowGroupMembers.aspx>
{'email': u'vala.sig@gmail.com',
 'phone': u'8422945',
 'player_name': u'\xdalfar Heimisson',
 'seminars': 51169722,
 'ssn': u'030207-2110',
 'status': u'Skr\xe1\xf0(ur)'}
2015-09-19 09:14:18+0000 [scrapy] DEBUG: Scraped from <200 https://armenningar.felog.is/ShowGroupMembers.aspx>
{'email': u'hallasigga@gmail.com;photononni@gmail.com',
 'phone': u'5510617',
 'player_name': u'\xder\xf6stur \xde\xf3r J\xf3nsson',
 'seminars': 51169722,
 'ssn': u'270209-2380',
 'status': u'Skr\xe1\xf0(ur)'}
2015-09-19 09:14:19+0000 [scrapy] DEBUG: Redirecting (302) to <GET https://armenningar.felog.is/ShowGroupMembers.aspx> from <POST https://armenningar.felog.is/MyPage.aspx>
2015-09-19 09:14:19+0000 [scrapy] DEBUG: Redirecting (302) to <GET https://armenningar.felog.is/ShowGroupMembers.aspx> from <POST https://armenningar.felog.is/MyPage.aspx>
2015-09-19 09:14:19+0000 [scrapy] DEBUG: Redirecting (302) to <GET https://armenningar.felog.is/ShowGroupMembers.aspx> from <POST https://armenningar.felog.is/MyPage.aspx>
2015-09-19 09:14:19+0000 [scrapy] DEBUG: Crawled (200) <GET https://armenningar.felog.is/ShowGroupMembers.aspx> (referer: https://armenningar.felog.is/MyPage.aspx)
2015-09-19 09:14:19+0000 [scrapy] DEBUG: Scraped from <200 https://armenningar.felog.is/ShowGroupMembers.aspx>
{'email': u'',
 'phone': u'',
 'player_name': u'Isad\xf3ra Bjarkard\xf3ttir Barney',
 'seminars': 77994959,
 'ssn': u'031002-3380',
 'status': u'Skr\xe1\xf0(ur)'}
2015-09-19 09:14:19+0000 [scrapy] DEBUG: Scraped from <200 https://armenningar.felog.is/ShowGroupMembers.aspx>
{'email': u'rosasturlu@hotmail.com',
 'phone': u'8686029',
 'player_name': u'Styrmir Hrafn Steinunnarson',
 'seminars': 77994959,
 'ssn': u'270704-2120',
 'status': u'Skr\xe1\xf0(ur)'}
2015-09-19 09:14:19+0000 [scrapy] DEBUG: Crawled (200) <GET https://armenningar.felog.is/ShowGroupMembers.aspx> (referer: https://armenningar.felog.is/MyPage.aspx)
2015-09-19 09:14:19+0000 [scrapy] DEBUG: Scraped from <200 https://armenningar.felog.is/ShowGroupMembers.aspx>
{'email': u'',
 'phone': u'',
 'player_name': u'Isad\xf3ra Bjarkard\xf3ttir Barney',
 'seminars': 64014755,
 'ssn': u'031002-3380',
 'status': u'Skr\xe1\xf0(ur)'}
2015-09-19 09:14:19+0000 [scrapy] DEBUG: Scraped from <200 https://armenningar.felog.is/ShowGroupMembers.aspx>
{'email': u'rosasturlu@hotmail.com',
 'phone': u'8686029',
 'player_name': u'Styrmir Hrafn Steinunnarson',
 'seminars': 64014755,
 'ssn': u'270704-2120',
 'status': u'Skr\xe1\xf0(ur)'}
2015-09-19 09:14:19+0000 [scrapy] DEBUG: Redirecting (302) to <GET https://armenningar.felog.is/ShowGroupMembers.aspx> from <POST https://armenningar.felog.is/MyPage.aspx>
2015-09-19 09:14:20+0000 [scrapy] DEBUG: Crawled (200) <GET https://armenningar.felog.is/ShowGroupMembers.aspx> (referer: https://armenningar.felog.is/MyPage.aspx)
2015-09-19 09:14:20+0000 [scrapy] DEBUG: Scraped from <200 https://armenningar.felog.is/ShowGroupMembers.aspx>
{'email': u'solveigh@gmail.com',
 'phone': u'6599129',
 'player_name': u'\xcdris \xde\xf6ll Hr\xf3bjartsd\xf3ttir',
 'seminars': 72980988,
 'ssn': u'060905-3980',
 'status': u'Skr\xe1\xf0(ur)'}
2015-09-19 09:14:20+0000 [scrapy] DEBUG: Scraped from <200 https://armenningar.felog.is/ShowGroupMembers.aspx>
{'email': u'josno@simnet.is',
 'phone': u'8970739',
 'player_name': u'Snorri Esek\xedel J\xf3hannesson',
 'seminars': 72980988,
 'ssn': u'050904-2290',
 'status': u'Skr\xe1\xf0(ur)'}
2015-09-19 09:14:20+0000 [scrapy] DEBUG: Scraped from <200 https://armenningar.felog.is/ShowGroupMembers.aspx>
{'email': u'dabbsa9@gmail.com',
 'phone': u'8209529',
 'player_name': u'Sunna Lind Ingvarsd\xf3ttir',
 'seminars': 72980988,
 'ssn': u'210107-2580',
 'status': u'Skr\xe1\xf0(ur)'}
2015-09-19 09:14:20+0000 [scrapy] DEBUG: Scraped from <200 https://armenningar.felog.is/ShowGroupMembers.aspx>
{'email': u'annadora78@hotmail.com',
 'phone': u'8989852',
 'player_name': u'Sverrir \xde\xf3r Vilhj\xe1lmsson',
 'seminars': 72980988,
 'ssn': u'111005-3030',
 'status': u'Skr\xe1\xf0(ur)'}
2015-09-19 09:14:20+0000 [scrapy] DEBUG: Scraped from <200 https://armenningar.felog.is/ShowGroupMembers.aspx>
{'email': u'kristin.vilhjalmsdottir@reykjavik.is',
 'phone': u'5610065',
 'player_name': u'Vilhj\xe1lmur \xde\xf3r Olsen',
 'seminars': 72980988,
 'ssn': u'070105-2760',
 'status': u'Skr\xe1\xf0(ur)'}
2015-09-19 09:14:20+0000 [scrapy] DEBUG: Scraped from <200 https://armenningar.felog.is/ShowGroupMembers.aspx>
{'email': u'kvaranita@hotmail.com',
 'phone': u'5532176',
 'player_name': u'\xc6var Nunez Kvaran',
 'seminars': 72980988,
 'ssn': u'171204-2160',
 'status': u'Skr\xe1\xf0(ur)'}
2015-09-19 09:14:20+0000 [scrapy] DEBUG: Redirecting (302) to <GET https://armenningar.felog.is/ShowGroupMembers.aspx> from <POST https://armenningar.felog.is/MyPage.aspx>
2015-09-19 09:14:20+0000 [scrapy] DEBUG: Crawled (200) <GET https://armenningar.felog.is/ShowGroupMembers.aspx> (referer: https://armenningar.felog.is/MyPage.aspx)
2015-09-19 09:14:20+0000 [scrapy] DEBUG: Scraped from <200 https://armenningar.felog.is/ShowGroupMembers.aspx>
{'email': u'solveigh@gmail.com',
 'phone': u'6599129',
 'player_name': u'\xcdris \xde\xf6ll Hr\xf3bjartsd\xf3ttir',
 'seminars': 23393825,
 'ssn': u'060905-3980',
 'status': u'Skr\xe1\xf0(ur)'}
2015-09-19 09:14:20+0000 [scrapy] DEBUG: Scraped from <200 https://armenningar.felog.is/ShowGroupMembers.aspx>
{'email': u'josno@simnet.is',
 'phone': u'8970739',
 'player_name': u'Snorri Esek\xedel J\xf3hannesson',
 'seminars': 23393825,
 'ssn': u'050904-2290',
 'status': u'Skr\xe1\xf0(ur)'}
2015-09-19 09:14:20+0000 [scrapy] DEBUG: Scraped from <200 https://armenningar.felog.is/ShowGroupMembers.aspx>
{'email': u'dabbsa9@gmail.com',
 'phone': u'8209529',
 'player_name': u'Sunna Lind Ingvarsd\xf3ttir',
 'seminars': 23393825,
 'ssn': u'210107-2580',
 'status': u'Skr\xe1\xf0(ur)'}
2015-09-19 09:14:20+0000 [scrapy] DEBUG: Scraped from <200 https://armenningar.felog.is/ShowGroupMembers.aspx>
{'email': u'annadora78@hotmail.com',
 'phone': u'8989852',
 'player_name': u'Sverrir \xde\xf3r Vilhj\xe1lmsson',
 'seminars': 23393825,
 'ssn': u'111005-3030',
 'status': u'Skr\xe1\xf0(ur)'}
2015-09-19 09:14:20+0000 [scrapy] DEBUG: Scraped from <200 https://armenningar.felog.is/ShowGroupMembers.aspx>
{'email': u'kristin.vilhjalmsdottir@reykjavik.is',
 'phone': u'5610065',
 'player_name': u'Vilhj\xe1lmur \xde\xf3r Olsen',
 'seminars': 23393825,
 'ssn': u'070105-2760',
 'status': u'Skr\xe1\xf0(ur)'}
2015-09-19 09:14:20+0000 [scrapy] DEBUG: Scraped from <200 https://armenningar.felog.is/ShowGroupMembers.aspx>
{'email': u'kvaranita@hotmail.com',
 'phone': u'5532176',
 'player_name': u'\xc6var Nunez Kvaran',
 'seminars': 23393825,
 'ssn': u'171204-2160',
 'status': u'Skr\xe1\xf0(ur)'}
2015-09-19 09:14:20+0000 [scrapy] DEBUG: Crawled (200) <GET https://armenningar.felog.is/ShowGroupMembers.aspx> (referer: https://armenningar.felog.is/MyPage.aspx)
2015-09-19 09:14:20+0000 [scrapy] DEBUG: Scraped from <200 https://armenningar.felog.is/ShowGroupMembers.aspx>
{'email': u'annadora78@hotmail.com',
 'phone': u'5349852',
 'player_name': u'Anna D\xf3ra Sverrisd\xf3ttir',
 'seminars': 67088382,
 'ssn': u'060878-5289',
 'status': u'Skr\xe1\xf0(ur)'}
2015-09-19 09:14:20+0000 [scrapy] DEBUG: Scraped from <200 https://armenningar.felog.is/ShowGroupMembers.aspx>
{'email': u'dabbsa9@gmail.com',
 'phone': u'8209529',
 'player_name': u'Dagbj\xf6rt R\xfanarsd\xf3ttir',
 'seminars': 67088382,
 'ssn': u'260979-5829',
 'status': u'Skr\xe1\xf0(ur)'}
2015-09-19 09:14:20+0000 [scrapy] DEBUG: Scraped from <200 https://armenningar.felog.is/ShowGroupMembers.aspx>
{'email': u'padresmurfa@gmail.com',
 'phone': u'5531929',
 'player_name': u'Dav\xed\xf0 Hermann Brandt',
 'seminars': 67088382,
 'ssn': u'170472-6169',
 'status': u'Skr\xe1\xf0(ur)'}
2015-09-19 09:14:20+0000 [scrapy] DEBUG: Scraped from <200 https://armenningar.felog.is/ShowGroupMembers.aspx>
{'email': u'hie@mi.is',
 'phone': u'8252513',
 'player_name': u'H\xf3lmfr\xed\xf0ur Inga Ey\xfe\xf3rsd\xf3ttir',
 'seminars': 67088382,
 'ssn': u'180771-5739',
 'status': u'Skr\xe1\xf0(ur)'}
2015-09-19 09:14:20+0000 [scrapy] DEBUG: Scraped from <200 https://armenningar.felog.is/ShowGroupMembers.aspx>
{'email': u'adalheidur.bjork.olgudottir@reykjavik.is',
 'phone': u'8430909',
 'player_name': u'\xcdsak Magn\xfasson',
 'seminars': 67088382,
 'ssn': u'281101-2260',
 'status': u'Skr\xe1\xf0(ur)'}
2015-09-19 09:14:20+0000 [scrapy] DEBUG: Scraped from <200 https://armenningar.felog.is/ShowGroupMembers.aspx>
{'email': u'gylfi75@hotmail.com',
 'phone': u'7798088',
 'player_name': u'J\xf6kull Orri Gylfason',
 'seminars': 67088382,
 'ssn': u'281002-4490',
 'status': u'Skr\xe1\xf0(ur)'}
2015-09-19 09:14:20+0000 [scrapy] DEBUG: Scraped from <200 https://armenningar.felog.is/ShowGroupMembers.aspx>
{'email': u'kristin.vilhjalmsdottir@reykjavik.is',
 'phone': u'5610065',
 'player_name': u'Krist\xedn Vilhj\xe1lmsd\xf3ttir',
 'seminars': 67088382,
 'ssn': u'300567-5849',
 'status': u'Skr\xe1\xf0(ur)'}
2015-09-19 09:14:20+0000 [scrapy] DEBUG: Scraped from <200 https://armenningar.felog.is/ShowGroupMembers.aspx>
{'email': u'zenpandan@gmail.com',
 'phone': u'6699964',
 'player_name': u'Kristmundur Dan\xedelsson',
 'seminars': 67088382,
 'ssn': u'050683-3389',
 'status': u'Skr\xe1\xf0(ur)'}
2015-09-19 09:14:20+0000 [scrapy] DEBUG: Scraped from <200 https://armenningar.felog.is/ShowGroupMembers.aspx>
{'email': u'rosalarusdottir@gmail.com',
 'phone': u'6978414',
 'player_name': u'R\xf3sa L\xe1rusd\xf3ttir',
 'seminars': 67088382,
 'ssn': u'040477-5789',
 'status': u'Skr\xe1\xf0(ur)'}
2015-09-19 09:14:20+0000 [scrapy] DEBUG: Scraped from <200 https://armenningar.felog.is/ShowGroupMembers.aspx>
{'email': u'vilhjalmur.vilhjalmsson@nyherji.is',
 'phone': u'8434305',
 'player_name': u'Vilhj\xe1lmur \xde\xf3r Vilhj\xe1lmsson',
 'seminars': 67088382,
 'ssn': u'180275-4019',
 'status': u'Skr\xe1\xf0(ur)'}
2015-09-19 09:14:20+0000 [scrapy] INFO: Closing spider (finished)
2015-09-19 09:14:20+0000 [scrapy] INFO: Dumping Scrapy stats:
{'downloader/request_bytes': 24069,
 'downloader/request_count': 16,
 'downloader/request_method_count/GET': 9,
 'downloader/request_method_count/POST': 7,
 'downloader/response_bytes': 309014,
 'downloader/response_count': 16,
 'downloader/response_status_count/200': 8,
 'downloader/response_status_count/302': 7,
 'downloader/response_status_count/303': 1,
 'finish_reason': 'finished',
 'finish_time': datetime.datetime(2015, 9, 19, 9, 14, 20, 749198),
 'item_scraped_count': 40,
 'log_count/DEBUG': 97,
 'log_count/INFO': 20,
 'request_depth_max': 2,
 'response_received_count': 8,
 'scheduler/dequeued': 16,
 'scheduler/dequeued/memory': 16,
 'scheduler/enqueued': 16,
 'scheduler/enqueued/memory': 16,
 'start_time': datetime.datetime(2015, 9, 19, 9, 14, 17, 233684)}
2015-09-19 09:14:20+0000 [scrapy] INFO: Spider closed (finished)
