2015-09-18 10:24:20+0000 [scrapy] INFO: Crawled 0 pages (at 0 pages/min), scraped 0 items (at 0 items/min)
2015-09-18 10:24:35+0000 [scrapy] DEBUG: Retrying <GET http://umfg.felog.is/UsersLogin.aspx> (failed 1 times): TCP connection timed out: 60: Operation timed out.
2015-09-18 10:25:20+0000 [scrapy] INFO: Crawled 0 pages (at 0 pages/min), scraped 0 items (at 0 items/min)
2015-09-18 10:25:51+0000 [scrapy] DEBUG: Retrying <GET http://umfg.felog.is/UsersLogin.aspx> (failed 2 times): TCP connection timed out: 60: Operation timed out.
2015-09-18 10:26:20+0000 [scrapy] INFO: Crawled 0 pages (at 0 pages/min), scraped 0 items (at 0 items/min)
2015-09-18 10:27:06+0000 [scrapy] DEBUG: Gave up retrying <GET http://umfg.felog.is/UsersLogin.aspx> (failed 3 times): TCP connection timed out: 60: Operation timed out.
2015-09-18 10:27:06+0000 [scrapy] ERROR: Error downloading <GET http://umfg.felog.is/UsersLogin.aspx>: TCP connection timed out: 60: Operation timed out.
2015-09-18 10:27:06+0000 [scrapy] INFO: Closing spider (finished)
2015-09-18 10:27:06+0000 [scrapy] INFO: Dumping Scrapy stats:
{'downloader/exception_count': 3,
 'downloader/exception_type_count/twisted.internet.error.TCPTimedOutError': 3,
 'downloader/request_bytes': 903,
 'downloader/request_count': 3,
 'downloader/request_method_count/GET': 3,
 'finish_reason': 'finished',
 'finish_time': datetime.datetime(2015, 9, 18, 10, 27, 6, 591017),
 'log_count/DEBUG': 3,
 'log_count/ERROR': 1,
 'log_count/INFO': 10,
 'scheduler/dequeued': 3,
 'scheduler/dequeued/memory': 3,
 'scheduler/enqueued': 3,
 'scheduler/enqueued/memory': 3,
 'start_time': datetime.datetime(2015, 9, 18, 10, 23, 20, 622504)}
2015-09-18 10:27:06+0000 [scrapy] INFO: Spider closed (finished)
