2015-09-15 12:24:21+0000 [scrapy] DEBUG: Redirecting (303) to <GET https://umfg.felog.is/UsersLogin.aspx> from <GET http://umfg.felog.is/UsersLogin.aspx>
2015-09-15 12:24:22+0000 [scrapy] DEBUG: Crawled (200) <GET https://umfg.felog.is/UsersLogin.aspx> (referer: None)
2015-09-15 12:24:22+0000 [norix] INFO: Logging in to:  https://umfg.felog.is/UsersLogin.aspx
2015-09-15 12:24:22+0000 [norix] INFO: User:  jonl
2015-09-15 12:24:22+0000 [norix] INFO: Password:  190881
2015-09-15 12:24:23+0000 [scrapy] DEBUG: Redirecting (302) to <GET https://umfg.felog.is/MyPage.aspx> from <POST https://umfg.felog.is/UsersLogin.aspx>
2015-09-15 12:24:23+0000 [scrapy] DEBUG: Crawled (200) <GET https://umfg.felog.is/MyPage.aspx> (referer: https://umfg.felog.is/UsersLogin.aspx)
2015-09-15 12:24:23+0000 [norix] DEBUG: Log message
2015-09-15 12:24:23+0000 [norix] INFO: Hi, I am in, what now... 
2015-09-15 12:24:23+0000 [scrapy] ERROR: Spider error processing <GET https://umfg.felog.is/MyPage.aspx> (referer: https://umfg.felog.is/UsersLogin.aspx)
Traceback (most recent call last):
  File "/Users/nonni/Code/norix/venv/lib/python2.7/site-packages/scrapy/utils/defer.py", line 96, in iter_errback
    yield next(it)
  File "/Users/nonni/Code/norix/venv/lib/python2.7/site-packages/scrapy/spidermiddlewares/offsite.py", line 28, in process_spider_output
    for x in result:
  File "/Users/nonni/Code/norix/venv/lib/python2.7/site-packages/scrapy/spidermiddlewares/referer.py", line 22, in <genexpr>
    return (_set_referer(r) for r in result or ())
  File "/Users/nonni/Code/norix/venv/lib/python2.7/site-packages/scrapy/spidermiddlewares/urllength.py", line 37, in <genexpr>
    return (r for r in result or () if _filter(r))
  File "/Users/nonni/Code/norix/venv/lib/python2.7/site-packages/scrapy/spidermiddlewares/depth.py", line 54, in <genexpr>
    return (r for r in result or () if _filter(r))
  File "/Users/nonni/Code/norix/norix/norix/spiders/norix_spider.py", line 89, in logged_in
    hashed = bcrypt.hashpw(password, bcrypt.gensalt(10))
  File "/Users/nonni/Code/norix/venv/lib/python2.7/site-packages/bcrypt/__init__.py", line 57, in hashpw
    raise TypeError("Unicode-objects must be encoded before hashing")
TypeError: Unicode-objects must be encoded before hashing
2015-09-15 12:24:23+0000 [scrapy] INFO: Closing spider (finished)
2015-09-15 12:24:23+0000 [scrapy] INFO: Dumping Scrapy stats:
{'downloader/request_bytes': 2568,
 'downloader/request_count': 4,
 'downloader/request_method_count/GET': 3,
 'downloader/request_method_count/POST': 1,
 'downloader/response_bytes': 37310,
 'downloader/response_count': 4,
 'downloader/response_status_count/200': 2,
 'downloader/response_status_count/302': 1,
 'downloader/response_status_count/303': 1,
 'finish_reason': 'finished',
 'finish_time': datetime.datetime(2015, 9, 15, 12, 24, 23, 482032),
 'log_count/DEBUG': 5,
 'log_count/ERROR': 1,
 'log_count/INFO': 11,
 'request_depth_max': 1,
 'response_received_count': 2,
 'scheduler/dequeued': 4,
 'scheduler/dequeued/memory': 4,
 'scheduler/enqueued': 4,
 'scheduler/enqueued/memory': 4,
 'spider_exceptions/TypeError': 1,
 'start_time': datetime.datetime(2015, 9, 15, 12, 24, 12, 100707)}
2015-09-15 12:24:23+0000 [scrapy] INFO: Spider closed (finished)
