2015-09-13 23:06:23+0000 [scrapy] DEBUG: Redirecting (303) to <GET https://umfg.felog.is/UsersLogin.aspx> from <GET http://umfg.felog.is/UsersLogin.aspx>
2015-09-13 23:06:23+0000 [scrapy] DEBUG: Crawled (200) <GET https://umfg.felog.is/UsersLogin.aspx> (referer: None)
2015-09-13 23:06:23+0000 [norix] INFO: Logging in to:  https://umfg.felog.is/UsersLogin.aspx
2015-09-13 23:06:23+0000 [norix] INFO: User:  j
2015-09-13 23:06:23+0000 [norix] INFO: Password:  j
2015-09-13 23:06:24+0000 [scrapy] DEBUG: Crawled (200) <POST https://umfg.felog.is/UsersLogin.aspx> (referer: https://umfg.felog.is/UsersLogin.aspx)
2015-09-13 23:06:24+0000 [norix] DEBUG: Log message
2015-09-13 23:06:24+0000 [scrapy] INFO: Closing spider (finished)
2015-09-13 23:06:24+0000 [scrapy] INFO: Dumping Scrapy stats:
{'downloader/request_bytes': 2165,
 'downloader/request_count': 3,
 'downloader/request_method_count/GET': 2,
 'downloader/request_method_count/POST': 1,
 'downloader/response_bytes': 24140,
 'downloader/response_count': 3,
 'downloader/response_status_count/200': 2,
 'downloader/response_status_count/303': 1,
 'finish_reason': 'finished',
 'finish_time': datetime.datetime(2015, 9, 13, 23, 6, 24, 45338),
 'log_count/DEBUG': 4,
 'log_count/INFO': 10,
 'request_depth_max': 1,
 'response_received_count': 2,
 'scheduler/dequeued': 3,
 'scheduler/dequeued/memory': 3,
 'scheduler/enqueued': 3,
 'scheduler/enqueued/memory': 3,
 'start_time': datetime.datetime(2015, 9, 13, 23, 6, 23, 617697)}
2015-09-13 23:06:24+0000 [scrapy] INFO: Spider closed (finished)
