2015-08-17 13:12:18+0000 [scrapy] DEBUG: Redirecting (303) to <GET https://armenningar.felog.is/UsersLogin.aspx> from <GET http://armenningar.felog.is/UsersLogin.aspx>
2015-08-17 13:12:18+0000 [scrapy] DEBUG: Crawled (200) <GET https://armenningar.felog.is/UsersLogin.aspx> (referer: None)
2015-08-17 13:12:18+0000 [norix] INFO: Logging in to:  https://armenningar.felog.is/UsersLogin.aspx
2015-08-17 13:12:18+0000 [norix] INFO: User:  levy
2015-08-17 13:12:18+0000 [norix] INFO: Password:  tksd
2015-08-17 13:12:18+0000 [scrapy] DEBUG: Crawled (200) <POST https://armenningar.felog.is/UsersLogin.aspx> (referer: https://armenningar.felog.is/UsersLogin.aspx)
2015-08-17 13:12:18+0000 [scrapy] ERROR: Spider error processing <POST https://armenningar.felog.is/UsersLogin.aspx> (referer: https://armenningar.felog.is/UsersLogin.aspx)
Traceback (most recent call last):
  File "/Users/nonni/Code/norix/venv/lib/python2.7/site-packages/scrapy/utils/defer.py", line 96, in iter_errback
    yield next(it)
  File "/Users/nonni/Code/norix/venv/lib/python2.7/site-packages/scrapy/spidermiddlewares/offsite.py", line 28, in process_spider_output
    for x in result:
  File "/Users/nonni/Code/norix/venv/lib/python2.7/site-packages/scrapy/spidermiddlewares/referer.py", line 22, in <genexpr>
    return (_set_referer(r) for r in result or ())
  File "/Users/nonni/Code/norix/venv/lib/python2.7/site-packages/scrapy/spidermiddlewares/urllength.py", line 37, in <genexpr>
    return (r for r in result or () if _filter(r))
  File "/Users/nonni/Code/norix/venv/lib/python2.7/site-packages/scrapy/spidermiddlewares/depth.py", line 54, in <genexpr>
    return (r for r in result or () if _filter(r))
  File "/Users/nonni/Code/norix/norix/norix/spiders/norix_spider.py", line 62, in logged_in
    invalid_login = response.xpath('//')
  File "/Users/nonni/Code/norix/venv/lib/python2.7/site-packages/scrapy/http/response/text.py", line 109, in xpath
    return self.selector.xpath(query)
  File "/Users/nonni/Code/norix/venv/lib/python2.7/site-packages/scrapy/selector/unified.py", line 100, in xpath
    raise ValueError(msg if six.PY3 else msg.encode("unicode_escape"))
ValueError: Invalid XPath: //
2015-08-17 13:12:18+0000 [scrapy] INFO: Closing spider (finished)
2015-08-17 13:12:18+0000 [scrapy] INFO: Dumping Scrapy stats:
{'downloader/request_bytes': 2265,
 'downloader/request_count': 3,
 'downloader/request_method_count/GET': 2,
 'downloader/request_method_count/POST': 1,
 'downloader/response_bytes': 24251,
 'downloader/response_count': 3,
 'downloader/response_status_count/200': 2,
 'downloader/response_status_count/303': 1,
 'finish_reason': 'finished',
 'finish_time': datetime.datetime(2015, 8, 17, 13, 12, 18, 911372),
 'log_count/DEBUG': 3,
 'log_count/ERROR': 1,
 'log_count/INFO': 10,
 'log_count/WARNING': 1,
 'request_depth_max': 1,
 'response_received_count': 2,
 'scheduler/dequeued': 3,
 'scheduler/dequeued/memory': 3,
 'scheduler/enqueued': 3,
 'scheduler/enqueued/memory': 3,
 'spider_exceptions/ValueError': 1,
 'start_time': datetime.datetime(2015, 8, 17, 13, 12, 18, 486401)}
2015-08-17 13:12:18+0000 [scrapy] INFO: Spider closed (finished)
