2015-08-17 13:13:45+0000 [scrapy] DEBUG: Redirecting (303) to <GET https://armenningar.felog.is/UsersLogin.aspx> from <GET http://armenningar.felog.is/UsersLogin.aspx>
2015-08-17 13:13:45+0000 [scrapy] DEBUG: Crawled (200) <GET https://armenningar.felog.is/UsersLogin.aspx> (referer: None)
2015-08-17 13:13:45+0000 [norix] INFO: Logging in to:  https://armenningar.felog.is/UsersLogin.aspx
2015-08-17 13:13:45+0000 [norix] INFO: User:  levy
2015-08-17 13:13:45+0000 [norix] INFO: Password:  tksd
2015-08-17 13:13:45+0000 [scrapy] DEBUG: Crawled (200) <POST https://armenningar.felog.is/UsersLogin.aspx> (referer: https://armenningar.felog.is/UsersLogin.aspx)
2015-08-17 13:13:45+0000 [norix] INFO: Hi, I am in, what now... 
2015-08-17 13:13:45+0000 [scrapy] INFO: Closing spider (finished)
2015-08-17 13:13:45+0000 [scrapy] INFO: Dumping Scrapy stats:
{'downloader/request_bytes': 2245,
 'downloader/request_count': 3,
 'downloader/request_method_count/GET': 2,
 'downloader/request_method_count/POST': 1,
 'downloader/response_bytes': 24251,
 'downloader/response_count': 3,
 'downloader/response_status_count/200': 2,
 'downloader/response_status_count/303': 1,
 'finish_reason': 'finished',
 'finish_time': datetime.datetime(2015, 8, 17, 13, 13, 45, 628826),
 'log_count/DEBUG': 3,
 'log_count/INFO': 11,
 'log_count/WARNING': 1,
 'request_depth_max': 1,
 'response_received_count': 2,
 'scheduler/dequeued': 3,
 'scheduler/dequeued/memory': 3,
 'scheduler/enqueued': 3,
 'scheduler/enqueued/memory': 3,
 'start_time': datetime.datetime(2015, 8, 17, 13, 13, 45, 363114)}
2015-08-17 13:13:45+0000 [scrapy] INFO: Spider closed (finished)
