2015-09-18 09:22:14+0000 [scrapy] DEBUG: Redirecting (303) to <GET https://umfg.felog.is/UsersLogin.aspx> from <GET http://umfg.felog.is/UsersLogin.aspx>
2015-09-18 09:22:14+0000 [scrapy] DEBUG: Crawled (200) <GET https://umfg.felog.is/UsersLogin.aspx> (referer: None)
2015-09-18 09:22:14+0000 [norix] INFO: Logging in to:  https://umfg.felog.is/UsersLogin.aspx
2015-09-18 09:22:14+0000 [norix] INFO: [Errno 8] nodename nor servname provided, or not known
2015-09-18 09:22:14+0000 [scrapy] INFO: Closing spider (Url not found :-()
2015-09-18 09:22:14+0000 [scrapy] INFO: Dumping Scrapy stats:
{'downloader/request_bytes': 602,
 'downloader/request_count': 2,
 'downloader/request_method_count/GET': 2,
 'downloader/response_bytes': 12316,
 'downloader/response_count': 2,
 'downloader/response_status_count/200': 1,
 'downloader/response_status_count/303': 1,
 'finish_reason': 'Url not found :-(',
 'finish_time': datetime.datetime(2015, 9, 18, 9, 22, 14, 628882),
 'log_count/DEBUG': 2,
 'log_count/INFO': 9,
 'response_received_count': 1,
 'scheduler/dequeued': 2,
 'scheduler/dequeued/memory': 2,
 'scheduler/enqueued': 2,
 'scheduler/enqueued/memory': 2,
 'start_time': datetime.datetime(2015, 9, 18, 9, 22, 14, 320857)}
2015-09-18 09:22:14+0000 [scrapy] INFO: Spider closed (Url not found :-()
