2015-09-09 14:59:02+0000 [scrapy] DEBUG: Redirecting (303) to <GET https://armenningar.felog.is/UsersLogin.aspx> from <GET http://armenningar.felog.is/UsersLogin.aspx>
2015-09-09 14:59:02+0000 [scrapy] DEBUG: Crawled (200) <GET https://armenningar.felog.is/UsersLogin.aspx> (referer: None)
2015-09-09 14:59:02+0000 [norix] INFO: Logging in to:  https://armenningar.felog.is/UsersLogin.aspx
2015-09-09 14:59:02+0000 [norix] INFO: User:  levy
2015-09-09 14:59:02+0000 [norix] INFO: Password:  tkd
2015-09-09 14:59:03+0000 [scrapy] DEBUG: Redirecting (302) to <GET https://armenningar.felog.is/MyPage.aspx> from <POST https://armenningar.felog.is/UsersLogin.aspx>
2015-09-09 14:59:03+0000 [scrapy] DEBUG: Crawled (200) <GET https://armenningar.felog.is/MyPage.aspx> (referer: https://armenningar.felog.is/UsersLogin.aspx)
2015-09-09 14:59:03+0000 [norix] DEBUG: Log message
2015-09-09 14:59:03+0000 [norix] INFO: Hi, I am in, what now... 
2015-09-09 14:59:03+0000 [scrapy] ERROR: Error processing {'age_group': u'Kr\xedli KK og KVK',
 'group_url': u'ctl00$ContentPlaceHolder1$repeaterUserAccess$ctl01$LinkButton1',
 'period': u'05.09.2015 - 07.11.2015',
 'players_count': u'13',
 'seminar_id': 41527446,
 'seminar_name': u'Laugardagar kl. 10:00',
 'sport_department': u'Taekwondodeild'}
Traceback (most recent call last):
  File "/Users/nonni/Code/norix/venv/lib/python2.7/site-packages/twisted/internet/defer.py", line 588, in _runCallbacks
    current.result = callback(current.result, *args, **kw)
  File "/Users/nonni/Code/norix/norix/norix/pipelines.py", line 30, in process_item
    'ssn': item['ssn'],
  File "/Users/nonni/Code/norix/venv/lib/python2.7/site-packages/scrapy/item.py", line 56, in __getitem__
    return self._values[key]
KeyError: 'ssn'
2015-09-09 14:59:03+0000 [scrapy] ERROR: Error processing {'age_group': u'Yngri byrjendur KK og KVK',
 'group_url': u'ctl00$ContentPlaceHolder1$repeaterUserAccess$ctl02$LinkButton1',
 'period': u'26.08.2015 - 18.12.2015',
 'players_count': u'7',
 'seminar_id': 5668161,
 'seminar_name': u'Gulir',
 'sport_department': u'Taekwondodeild'}
Traceback (most recent call last):
  File "/Users/nonni/Code/norix/venv/lib/python2.7/site-packages/twisted/internet/defer.py", line 588, in _runCallbacks
    current.result = callback(current.result, *args, **kw)
  File "/Users/nonni/Code/norix/norix/norix/pipelines.py", line 30, in process_item
    'ssn': item['ssn'],
  File "/Users/nonni/Code/norix/venv/lib/python2.7/site-packages/scrapy/item.py", line 56, in __getitem__
    return self._values[key]
KeyError: 'ssn'
2015-09-09 14:59:03+0000 [scrapy] ERROR: Error processing {'age_group': u'Eldri byrjendur KK og KVK',
 'group_url': u'ctl00$ContentPlaceHolder1$repeaterUserAccess$ctl03$LinkButton1',
 'period': u'26.08.2015 - 18.12.2015',
 'players_count': u'1',
 'seminar_id': 46280618,
 'seminar_name': u'Orange',
 'sport_department': u'Taekwondodeild'}
Traceback (most recent call last):
  File "/Users/nonni/Code/norix/venv/lib/python2.7/site-packages/twisted/internet/defer.py", line 588, in _runCallbacks
    current.result = callback(current.result, *args, **kw)
  File "/Users/nonni/Code/norix/norix/norix/pipelines.py", line 30, in process_item
    'ssn': item['ssn'],
  File "/Users/nonni/Code/norix/venv/lib/python2.7/site-packages/scrapy/item.py", line 56, in __getitem__
    return self._values[key]
KeyError: 'ssn'
2015-09-09 14:59:03+0000 [scrapy] ERROR: Error processing {'age_group': u'Yngri framhaldsh\xf3pur KK og KVK',
 'group_url': u'ctl00$ContentPlaceHolder1$repeaterUserAccess$ctl04$LinkButton1',
 'period': u'26.08.2015 - 18.12.2015',
 'players_count': u'3',
 'seminar_id': 52832238,
 'seminar_name': u'Bl\xe1ir',
 'sport_department': u'Taekwondodeild'}
Traceback (most recent call last):
  File "/Users/nonni/Code/norix/venv/lib/python2.7/site-packages/twisted/internet/defer.py", line 588, in _runCallbacks
    current.result = callback(current.result, *args, **kw)
  File "/Users/nonni/Code/norix/norix/norix/pipelines.py", line 30, in process_item
    'ssn': item['ssn'],
  File "/Users/nonni/Code/norix/venv/lib/python2.7/site-packages/scrapy/item.py", line 56, in __getitem__
    return self._values[key]
KeyError: 'ssn'
2015-09-09 14:59:03+0000 [scrapy] ERROR: Error processing {'age_group': u'Drekar KK og KVK',
 'group_url': u'ctl00$ContentPlaceHolder1$repeaterUserAccess$ctl05$LinkButton1',
 'period': u'26.08.2015 - 18.12.2015',
 'players_count': u'9',
 'seminar_id': 65314527,
 'seminar_name': u'Byrjendur og lengra komnir 13 \xe1ra og eldri',
 'sport_department': u'Taekwondodeild'}
Traceback (most recent call last):
  File "/Users/nonni/Code/norix/venv/lib/python2.7/site-packages/twisted/internet/defer.py", line 588, in _runCallbacks
    current.result = callback(current.result, *args, **kw)
  File "/Users/nonni/Code/norix/norix/norix/pipelines.py", line 30, in process_item
    'ssn': item['ssn'],
  File "/Users/nonni/Code/norix/venv/lib/python2.7/site-packages/scrapy/item.py", line 56, in __getitem__
    return self._values[key]
KeyError: 'ssn'
2015-09-09 14:59:03+0000 [scrapy] ERROR: Error processing {'age_group': u'Framhaldsh\xf3pur KK og KVK',
 'group_url': u'ctl00$ContentPlaceHolder1$repeaterUserAccess$ctl06$LinkButton1',
 'period': u'26.08.2015 - 18.12.2015',
 'players_count': u'5',
 'seminar_id': 39884877,
 'seminar_name': u'Rau\xf0ir',
 'sport_department': u'Taekwondodeild'}
Traceback (most recent call last):
  File "/Users/nonni/Code/norix/venv/lib/python2.7/site-packages/twisted/internet/defer.py", line 588, in _runCallbacks
    current.result = callback(current.result, *args, **kw)
  File "/Users/nonni/Code/norix/norix/norix/pipelines.py", line 30, in process_item
    'ssn': item['ssn'],
  File "/Users/nonni/Code/norix/venv/lib/python2.7/site-packages/scrapy/item.py", line 56, in __getitem__
    return self._values[key]
KeyError: 'ssn'
2015-09-09 14:59:03+0000 [scrapy] DEBUG: Redirecting (302) to <GET https://armenningar.felog.is/ShowGroupMembers.aspx> from <POST https://armenningar.felog.is/MyPage.aspx>
2015-09-09 14:59:03+0000 [scrapy] DEBUG: Crawled (200) <GET https://armenningar.felog.is/ShowGroupMembers.aspx> (referer: https://armenningar.felog.is/MyPage.aspx)
2015-09-09 14:59:03+0000 [norix] INFO: player_item["seminars"]  52832238
2015-09-09 14:59:03+0000 [norix] INFO: API:  http://localhost:1337/player
2015-09-09 14:59:03+0000 [norix] INFO: API PLAYER:  http://localhost:1337/player/050904-2290
2015-09-09 14:59:04+0000 [scrapy] DEBUG: Scraped from <200 https://armenningar.felog.is/ShowGroupMembers.aspx>
{'email': u'josno@simnet.is',
 'phone': u'8970739',
 'player_name': u'Snorri Esek\xedel J\xf3hannesson',
 'seminars': 52832238,
 'ssn': u'050904-2290',
 'status': u'Skr\xe1\xf0(ur)'}
2015-09-09 14:59:04+0000 [scrapy] DEBUG: Redirecting (302) to <GET https://armenningar.felog.is/ShowGroupMembers.aspx> from <POST https://armenningar.felog.is/MyPage.aspx>
2015-09-09 14:59:04+0000 [norix] INFO: player_item["seminars"]  52832238
2015-09-09 14:59:04+0000 [norix] INFO: API:  http://localhost:1337/player
2015-09-09 14:59:04+0000 [norix] INFO: API PLAYER:  http://localhost:1337/player/210107-2580
2015-09-09 14:59:04+0000 [scrapy] DEBUG: Scraped from <200 https://armenningar.felog.is/ShowGroupMembers.aspx>
{'email': u'dabbsa9@gmail.com',
 'phone': u'8209529',
 'player_name': u'Sunna Lind Ingvarsd\xf3ttir',
 'seminars': 52832238,
 'ssn': u'210107-2580',
 'status': u'Skr\xe1\xf0(ur)'}
2015-09-09 14:59:04+0000 [scrapy] DEBUG: Redirecting (302) to <GET https://armenningar.felog.is/ShowGroupMembers.aspx> from <POST https://armenningar.felog.is/MyPage.aspx>
2015-09-09 14:59:04+0000 [scrapy] DEBUG: Redirecting (302) to <GET https://armenningar.felog.is/ShowGroupMembers.aspx> from <POST https://armenningar.felog.is/MyPage.aspx>
2015-09-09 14:59:04+0000 [norix] INFO: player_item["seminars"]  52832238
2015-09-09 14:59:04+0000 [norix] INFO: API:  http://localhost:1337/player
2015-09-09 14:59:04+0000 [norix] INFO: API PLAYER:  http://localhost:1337/player/171204-2160
2015-09-09 14:59:04+0000 [scrapy] DEBUG: Scraped from <200 https://armenningar.felog.is/ShowGroupMembers.aspx>
{'email': u'kvaranita@hotmail.com',
 'phone': u'5532176',
 'player_name': u'\xc6var Nunez Kvaran',
 'seminars': 52832238,
 'ssn': u'171204-2160',
 'status': u'Skr\xe1\xf0(ur)'}
2015-09-09 14:59:04+0000 [scrapy] DEBUG: Redirecting (302) to <GET https://armenningar.felog.is/ShowGroupMembers.aspx> from <POST https://armenningar.felog.is/MyPage.aspx>
2015-09-09 14:59:04+0000 [scrapy] DEBUG: Crawled (200) <GET https://armenningar.felog.is/ShowGroupMembers.aspx> (referer: https://armenningar.felog.is/MyPage.aspx)
2015-09-09 14:59:04+0000 [norix] INFO: player_item["seminars"]  41527446
2015-09-09 14:59:04+0000 [norix] INFO: API:  http://localhost:1337/player
2015-09-09 14:59:04+0000 [norix] INFO: API PLAYER:  http://localhost:1337/player/260979-5829
2015-09-09 14:59:04+0000 [scrapy] DEBUG: Scraped from <200 https://armenningar.felog.is/ShowGroupMembers.aspx>
{'email': u'dabbsa9@gmail.com',
 'phone': u'8209529',
 'player_name': u'Dagbj\xf6rt R\xfanarsd\xf3ttir',
 'seminars': 41527446,
 'ssn': u'260979-5829',
 'status': u'Skr\xe1\xf0(ur)'}
2015-09-09 14:59:04+0000 [scrapy] DEBUG: Redirecting (302) to <GET https://armenningar.felog.is/ShowGroupMembers.aspx> from <POST https://armenningar.felog.is/MyPage.aspx>
2015-09-09 14:59:04+0000 [norix] INFO: player_item["seminars"]  41527446
2015-09-09 14:59:04+0000 [norix] INFO: API:  http://localhost:1337/player
2015-09-09 14:59:04+0000 [norix] INFO: API PLAYER:  http://localhost:1337/player/170472-6169
2015-09-09 14:59:04+0000 [scrapy] DEBUG: Scraped from <200 https://armenningar.felog.is/ShowGroupMembers.aspx>
{'email': u'padresmurfa@gmail.com',
 'phone': u'5531929',
 'player_name': u'Dav\xed\xf0 Hermann Brandt',
 'seminars': 41527446,
 'ssn': u'170472-6169',
 'status': u'Skr\xe1\xf0(ur)'}
2015-09-09 14:59:04+0000 [norix] INFO: player_item["seminars"]  41527446
2015-09-09 14:59:04+0000 [norix] INFO: API:  http://localhost:1337/player
2015-09-09 14:59:04+0000 [norix] INFO: API PLAYER:  http://localhost:1337/player/180771-5739
2015-09-09 14:59:04+0000 [scrapy] DEBUG: Scraped from <200 https://armenningar.felog.is/ShowGroupMembers.aspx>
{'email': u'hie@mi.is',
 'phone': u'8252513',
 'player_name': u'H\xf3lmfr\xed\xf0ur Inga Ey\xfe\xf3rsd\xf3ttir',
 'seminars': 41527446,
 'ssn': u'180771-5739',
 'status': u'Skr\xe1\xf0(ur)'}
2015-09-09 14:59:04+0000 [norix] INFO: player_item["seminars"]  41527446
2015-09-09 14:59:04+0000 [norix] INFO: API:  http://localhost:1337/player
2015-09-09 14:59:04+0000 [norix] INFO: API PLAYER:  http://localhost:1337/player/281002-4490
2015-09-09 14:59:04+0000 [scrapy] DEBUG: Scraped from <200 https://armenningar.felog.is/ShowGroupMembers.aspx>
{'email': u'gylfi75@hotmail.com',
 'phone': u'7798088',
 'player_name': u'J\xf6kull Orri Gylfason',
 'seminars': 41527446,
 'ssn': u'281002-4490',
 'status': u'Skr\xe1\xf0(ur)'}
2015-09-09 14:59:04+0000 [norix] INFO: player_item["seminars"]  41527446
2015-09-09 14:59:04+0000 [norix] INFO: API:  http://localhost:1337/player
2015-09-09 14:59:04+0000 [norix] INFO: API PLAYER:  http://localhost:1337/player/050683-3389
2015-09-09 14:59:05+0000 [scrapy] DEBUG: Scraped from <200 https://armenningar.felog.is/ShowGroupMembers.aspx>
{'email': u'zenpandan@gmail.com',
 'phone': u'6699964',
 'player_name': u'Kristmundur Dan\xedelsson',
 'seminars': 41527446,
 'ssn': u'050683-3389',
 'status': u'Skr\xe1\xf0(ur)'}
2015-09-09 14:59:05+0000 [norix] INFO: player_item["seminars"]  41527446
2015-09-09 14:59:05+0000 [norix] INFO: API:  http://localhost:1337/player
2015-09-09 14:59:05+0000 [norix] INFO: API PLAYER:  http://localhost:1337/player/040477-5789
2015-09-09 14:59:05+0000 [scrapy] DEBUG: Scraped from <200 https://armenningar.felog.is/ShowGroupMembers.aspx>
{'email': u'rosalarusdottir@gmail.com',
 'phone': u'6978414',
 'player_name': u'R\xf3sa L\xe1rusd\xf3ttir',
 'seminars': 41527446,
 'ssn': u'040477-5789',
 'status': u'Skr\xe1\xf0(ur)'}
2015-09-09 14:59:05+0000 [norix] INFO: player_item["seminars"]  41527446
2015-09-09 14:59:05+0000 [norix] INFO: API:  http://localhost:1337/player
2015-09-09 14:59:05+0000 [norix] INFO: API PLAYER:  http://localhost:1337/player/191188-2849
2015-09-09 14:59:05+0000 [scrapy] DEBUG: Scraped from <200 https://armenningar.felog.is/ShowGroupMembers.aspx>
{'email': u'smj9@hi.is',
 'phone': u'8674359',
 'player_name': u'Sandra Mj\xf6ll J\xf3nsd\xf3ttir',
 'seminars': 41527446,
 'ssn': u'191188-2849',
 'status': u'Skr\xe1\xf0(ur)'}
2015-09-09 14:59:05+0000 [scrapy] DEBUG: Crawled (200) <GET https://armenningar.felog.is/ShowGroupMembers.aspx> (referer: https://armenningar.felog.is/MyPage.aspx)
2015-09-09 14:59:05+0000 [norix] INFO: player_item["seminars"]  41527446
2015-09-09 14:59:05+0000 [norix] INFO: API:  http://localhost:1337/player
2015-09-09 14:59:05+0000 [norix] INFO: API PLAYER:  http://localhost:1337/player/180275-4019
2015-09-09 14:59:05+0000 [scrapy] DEBUG: Scraped from <200 https://armenningar.felog.is/ShowGroupMembers.aspx>
{'email': u'vilhjalmur.vilhjalmsson@nyherji.is',
 'phone': u'8434305',
 'player_name': u'Vilhj\xe1lmur \xde\xf3r Vilhj\xe1lmsson',
 'seminars': 41527446,
 'ssn': u'180275-4019',
 'status': u'Skr\xe1\xf0(ur)'}
2015-09-09 14:59:05+0000 [norix] INFO: player_item["seminars"]  41527446
2015-09-09 14:59:05+0000 [norix] INFO: API:  http://localhost:1337/player
2015-09-09 14:59:05+0000 [norix] INFO: API PLAYER:  http://localhost:1337/player/190575-4629
2015-09-09 14:59:05+0000 [scrapy] DEBUG: Scraped from <200 https://armenningar.felog.is/ShowGroupMembers.aspx>
{'email': u'grettir.einarsson@gmail.com',
 'phone': u'8209375',
 'player_name': u'\xde\xf3rarinn Grettir Einarsson',
 'seminars': 41527446,
 'ssn': u'190575-4629',
 'status': u'Skr\xe1\xf0(ur)'}
2015-09-09 14:59:05+0000 [norix] INFO: player_item["seminars"]  46280618
2015-09-09 14:59:05+0000 [norix] INFO: API:  http://localhost:1337/player
2015-09-09 14:59:05+0000 [norix] INFO: API PLAYER:  http://localhost:1337/player/071207-3230
2015-09-09 14:59:05+0000 [scrapy] DEBUG: Scraped from <200 https://armenningar.felog.is/ShowGroupMembers.aspx>
{'email': u'padresmurfa@gmail.com;runaeinars@hotmail.com',
 'phone': u'8941929',
 'player_name': u'Einar P\xe1ll Dav\xed\xf0sson',
 'seminars': 46280618,
 'ssn': u'071207-3230',
 'status': u'Skr\xe1\xf0(ur)'}
2015-09-09 14:59:05+0000 [norix] INFO: player_item["seminars"]  46280618
2015-09-09 14:59:05+0000 [norix] INFO: API:  http://localhost:1337/player
2015-09-09 14:59:05+0000 [norix] INFO: API PLAYER:  http://localhost:1337/player/170908-3250
2015-09-09 14:59:05+0000 [scrapy] DEBUG: Scraped from <200 https://armenningar.felog.is/ShowGroupMembers.aspx>
{'email': u'elmar@hi.is',
 'phone': u'8939385',
 'player_name': u'J\xfal\xedan R\xedkar\xf0ur Elmarsson',
 'seminars': 46280618,
 'ssn': u'170908-3250',
 'status': u'Skr\xe1\xf0(ur)'}
2015-09-09 14:59:05+0000 [norix] INFO: player_item["seminars"]  46280618
2015-09-09 14:59:05+0000 [norix] INFO: API:  http://localhost:1337/player
2015-09-09 14:59:05+0000 [norix] INFO: API PLAYER:  http://localhost:1337/player/230508-2160
2015-09-09 14:59:05+0000 [scrapy] DEBUG: Scraped from <200 https://armenningar.felog.is/ShowGroupMembers.aspx>
{'email': u'kataosk@gmail.com',
 'phone': u'6699563',
 'player_name': u'Logi Sn\xe6r Gu\xf0mundsson',
 'seminars': 46280618,
 'ssn': u'230508-2160',
 'status': u'Skr\xe1\xf0(ur)'}
2015-09-09 14:59:05+0000 [norix] INFO: player_item["seminars"]  46280618
2015-09-09 14:59:05+0000 [norix] INFO: API:  http://localhost:1337/player
2015-09-09 14:59:05+0000 [norix] INFO: API PLAYER:  http://localhost:1337/player/110308-3020
2015-09-09 14:59:05+0000 [scrapy] DEBUG: Scraped from <200 https://armenningar.felog.is/ShowGroupMembers.aspx>
{'email': u'Birnadiso@hotmail.com',
 'phone': u'8935929',
 'player_name': u'\xd3lafur P\xe9tur \xde\xf3rj\xf3nsson',
 'seminars': 46280618,
 'ssn': u'110308-3020',
 'status': u'Skr\xe1\xf0(ur)'}
2015-09-09 14:59:05+0000 [scrapy] DEBUG: Crawled (200) <GET https://armenningar.felog.is/ShowGroupMembers.aspx> (referer: https://armenningar.felog.is/MyPage.aspx)
2015-09-09 14:59:05+0000 [norix] INFO: player_item["seminars"]  46280618
2015-09-09 14:59:05+0000 [norix] INFO: API:  http://localhost:1337/player
2015-09-09 14:59:05+0000 [norix] INFO: API PLAYER:  http://localhost:1337/player/120609-3350
2015-09-09 14:59:06+0000 [scrapy] DEBUG: Scraped from <200 https://armenningar.felog.is/ShowGroupMembers.aspx>
{'email': u'',
 'phone': u'',
 'player_name': u'Tupac T\xfdr Nunez Kvaran',
 'seminars': 46280618,
 'ssn': u'120609-3350',
 'status': u'Skr\xe1\xf0(ur)'}
2015-09-09 14:59:06+0000 [norix] INFO: player_item["seminars"]  46280618
2015-09-09 14:59:06+0000 [norix] INFO: API:  http://localhost:1337/player
2015-09-09 14:59:06+0000 [norix] INFO: API PLAYER:  http://localhost:1337/player/030207-2110
2015-09-09 14:59:06+0000 [scrapy] DEBUG: Scraped from <200 https://armenningar.felog.is/ShowGroupMembers.aspx>
{'email': u'vala.sig@gmail.com',
 'phone': u'8422945',
 'player_name': u'\xdalfar Heimisson',
 'seminars': 46280618,
 'ssn': u'030207-2110',
 'status': u'Skr\xe1\xf0(ur)'}
2015-09-09 14:59:06+0000 [norix] INFO: player_item["seminars"]  5668161
2015-09-09 14:59:06+0000 [norix] INFO: API:  http://localhost:1337/player
2015-09-09 14:59:06+0000 [norix] INFO: API PLAYER:  http://localhost:1337/player/071207-3230
2015-09-09 14:59:06+0000 [scrapy] ERROR: Error processing {'email': u'padresmurfa@gmail.com;runaeinars@hotmail.com',
 'phone': u'8941929',
 'player_name': u'Einar P\xe1ll Dav\xed\xf0sson',
 'seminars': 5668161,
 'ssn': u'071207-3230',
 'status': u'Skr\xe1\xf0(ur)'}
Traceback (most recent call last):
  File "/Users/nonni/Code/norix/venv/lib/python2.7/site-packages/twisted/internet/defer.py", line 588, in _runCallbacks
    current.result = callback(current.result, *args, **kw)
  File "/Users/nonni/Code/norix/norix/norix/pipelines.py", line 53, in process_item
    r = requests.put(api_player+'/seminars', data=data.dumps(playload))
UnboundLocalError: local variable 'data' referenced before assignment
2015-09-09 14:59:06+0000 [norix] INFO: player_item["seminars"]  46280618
2015-09-09 14:59:06+0000 [norix] INFO: API:  http://localhost:1337/player
2015-09-09 14:59:06+0000 [norix] INFO: API PLAYER:  http://localhost:1337/player/270209-2380
2015-09-09 14:59:06+0000 [scrapy] DEBUG: Scraped from <200 https://armenningar.felog.is/ShowGroupMembers.aspx>
{'email': u'hallasigga@gmail.com;photononni@gmail.com',
 'phone': u'5510617',
 'player_name': u'\xder\xf6stur \xde\xf3r J\xf3nsson',
 'seminars': 46280618,
 'ssn': u'270209-2380',
 'status': u'Skr\xe1\xf0(ur)'}
2015-09-09 14:59:06+0000 [norix] INFO: player_item["seminars"]  5668161
2015-09-09 14:59:06+0000 [norix] INFO: API:  http://localhost:1337/player
2015-09-09 14:59:06+0000 [norix] INFO: API PLAYER:  http://localhost:1337/player/170908-3250
2015-09-09 14:59:06+0000 [scrapy] ERROR: Error processing {'email': u'elmar@hi.is',
 'phone': u'8939385',
 'player_name': u'J\xfal\xedan R\xedkar\xf0ur Elmarsson',
 'seminars': 5668161,
 'ssn': u'170908-3250',
 'status': u'Skr\xe1\xf0(ur)'}
Traceback (most recent call last):
  File "/Users/nonni/Code/norix/venv/lib/python2.7/site-packages/twisted/internet/defer.py", line 588, in _runCallbacks
    current.result = callback(current.result, *args, **kw)
  File "/Users/nonni/Code/norix/norix/norix/pipelines.py", line 53, in process_item
    r = requests.put(api_player+'/seminars', data=data.dumps(playload))
UnboundLocalError: local variable 'data' referenced before assignment
2015-09-09 14:59:06+0000 [norix] INFO: player_item["seminars"]  5668161
2015-09-09 14:59:06+0000 [norix] INFO: API:  http://localhost:1337/player
2015-09-09 14:59:06+0000 [norix] INFO: API PLAYER:  http://localhost:1337/player/230508-2160
2015-09-09 14:59:06+0000 [scrapy] ERROR: Error processing {'email': u'kataosk@gmail.com',
 'phone': u'6699563',
 'player_name': u'Logi Sn\xe6r Gu\xf0mundsson',
 'seminars': 5668161,
 'ssn': u'230508-2160',
 'status': u'Skr\xe1\xf0(ur)'}
Traceback (most recent call last):
  File "/Users/nonni/Code/norix/venv/lib/python2.7/site-packages/twisted/internet/defer.py", line 588, in _runCallbacks
    current.result = callback(current.result, *args, **kw)
  File "/Users/nonni/Code/norix/norix/norix/pipelines.py", line 53, in process_item
    r = requests.put(api_player+'/seminars', data=data.dumps(playload))
UnboundLocalError: local variable 'data' referenced before assignment
2015-09-09 14:59:06+0000 [norix] INFO: player_item["seminars"]  5668161
2015-09-09 14:59:06+0000 [norix] INFO: API:  http://localhost:1337/player
2015-09-09 14:59:06+0000 [norix] INFO: API PLAYER:  http://localhost:1337/player/110308-3020
2015-09-09 14:59:06+0000 [scrapy] ERROR: Error processing {'email': u'Birnadiso@hotmail.com',
 'phone': u'8935929',
 'player_name': u'\xd3lafur P\xe9tur \xde\xf3rj\xf3nsson',
 'seminars': 5668161,
 'ssn': u'110308-3020',
 'status': u'Skr\xe1\xf0(ur)'}
Traceback (most recent call last):
  File "/Users/nonni/Code/norix/venv/lib/python2.7/site-packages/twisted/internet/defer.py", line 588, in _runCallbacks
    current.result = callback(current.result, *args, **kw)
  File "/Users/nonni/Code/norix/norix/norix/pipelines.py", line 53, in process_item
    r = requests.put(api_player+'/seminars', data=data.dumps(playload))
UnboundLocalError: local variable 'data' referenced before assignment
2015-09-09 14:59:06+0000 [norix] INFO: player_item["seminars"]  5668161
2015-09-09 14:59:06+0000 [norix] INFO: API:  http://localhost:1337/player
2015-09-09 14:59:06+0000 [norix] INFO: API PLAYER:  http://localhost:1337/player/120609-3350
2015-09-09 14:59:06+0000 [scrapy] ERROR: Error processing {'email': u'',
 'phone': u'',
 'player_name': u'Tupac T\xfdr Nunez Kvaran',
 'seminars': 5668161,
 'ssn': u'120609-3350',
 'status': u'Skr\xe1\xf0(ur)'}
Traceback (most recent call last):
  File "/Users/nonni/Code/norix/venv/lib/python2.7/site-packages/twisted/internet/defer.py", line 588, in _runCallbacks
    current.result = callback(current.result, *args, **kw)
  File "/Users/nonni/Code/norix/norix/norix/pipelines.py", line 53, in process_item
    r = requests.put(api_player+'/seminars', data=data.dumps(playload))
UnboundLocalError: local variable 'data' referenced before assignment
2015-09-09 14:59:06+0000 [norix] INFO: player_item["seminars"]  5668161
2015-09-09 14:59:06+0000 [norix] INFO: API:  http://localhost:1337/player
2015-09-09 14:59:06+0000 [norix] INFO: API PLAYER:  http://localhost:1337/player/030207-2110
2015-09-09 14:59:06+0000 [scrapy] ERROR: Error processing {'email': u'vala.sig@gmail.com',
 'phone': u'8422945',
 'player_name': u'\xdalfar Heimisson',
 'seminars': 5668161,
 'ssn': u'030207-2110',
 'status': u'Skr\xe1\xf0(ur)'}
Traceback (most recent call last):
  File "/Users/nonni/Code/norix/venv/lib/python2.7/site-packages/twisted/internet/defer.py", line 588, in _runCallbacks
    current.result = callback(current.result, *args, **kw)
  File "/Users/nonni/Code/norix/norix/norix/pipelines.py", line 53, in process_item
    r = requests.put(api_player+'/seminars', data=data.dumps(playload))
UnboundLocalError: local variable 'data' referenced before assignment
2015-09-09 14:59:06+0000 [norix] INFO: player_item["seminars"]  5668161
2015-09-09 14:59:06+0000 [norix] INFO: API:  http://localhost:1337/player
2015-09-09 14:59:06+0000 [norix] INFO: API PLAYER:  http://localhost:1337/player/270209-2380
2015-09-09 14:59:06+0000 [scrapy] ERROR: Error processing {'email': u'hallasigga@gmail.com;photononni@gmail.com',
 'phone': u'5510617',
 'player_name': u'\xder\xf6stur \xde\xf3r J\xf3nsson',
 'seminars': 5668161,
 'ssn': u'270209-2380',
 'status': u'Skr\xe1\xf0(ur)'}
Traceback (most recent call last):
  File "/Users/nonni/Code/norix/venv/lib/python2.7/site-packages/twisted/internet/defer.py", line 588, in _runCallbacks
    current.result = callback(current.result, *args, **kw)
  File "/Users/nonni/Code/norix/norix/norix/pipelines.py", line 53, in process_item
    r = requests.put(api_player+'/seminars', data=data.dumps(playload))
UnboundLocalError: local variable 'data' referenced before assignment
2015-09-09 14:59:06+0000 [scrapy] DEBUG: Crawled (200) <GET https://armenningar.felog.is/ShowGroupMembers.aspx> (referer: https://armenningar.felog.is/MyPage.aspx)
2015-09-09 14:59:06+0000 [norix] INFO: player_item["seminars"]  65314527
2015-09-09 14:59:06+0000 [norix] INFO: API:  http://localhost:1337/player
2015-09-09 14:59:06+0000 [norix] INFO: API PLAYER:  http://localhost:1337/player/071207-3230
2015-09-09 14:59:06+0000 [scrapy] ERROR: Error processing {'email': u'padresmurfa@gmail.com;runaeinars@hotmail.com',
 'phone': u'8941929',
 'player_name': u'Einar P\xe1ll Dav\xed\xf0sson',
 'seminars': 65314527,
 'ssn': u'071207-3230',
 'status': u'Skr\xe1\xf0(ur)'}
Traceback (most recent call last):
  File "/Users/nonni/Code/norix/venv/lib/python2.7/site-packages/twisted/internet/defer.py", line 588, in _runCallbacks
    current.result = callback(current.result, *args, **kw)
  File "/Users/nonni/Code/norix/norix/norix/pipelines.py", line 53, in process_item
    r = requests.put(api_player+'/seminars', data=data.dumps(playload))
UnboundLocalError: local variable 'data' referenced before assignment
2015-09-09 14:59:06+0000 [norix] INFO: player_item["seminars"]  65314527
2015-09-09 14:59:06+0000 [norix] INFO: API:  http://localhost:1337/player
2015-09-09 14:59:06+0000 [norix] INFO: API PLAYER:  http://localhost:1337/player/170908-3250
2015-09-09 14:59:06+0000 [scrapy] ERROR: Error processing {'email': u'elmar@hi.is',
 'phone': u'8939385',
 'player_name': u'J\xfal\xedan R\xedkar\xf0ur Elmarsson',
 'seminars': 65314527,
 'ssn': u'170908-3250',
 'status': u'Skr\xe1\xf0(ur)'}
Traceback (most recent call last):
  File "/Users/nonni/Code/norix/venv/lib/python2.7/site-packages/twisted/internet/defer.py", line 588, in _runCallbacks
    current.result = callback(current.result, *args, **kw)
  File "/Users/nonni/Code/norix/norix/norix/pipelines.py", line 53, in process_item
    r = requests.put(api_player+'/seminars', data=data.dumps(playload))
UnboundLocalError: local variable 'data' referenced before assignment
2015-09-09 14:59:06+0000 [norix] INFO: player_item["seminars"]  65314527
2015-09-09 14:59:06+0000 [norix] INFO: API:  http://localhost:1337/player
2015-09-09 14:59:06+0000 [norix] INFO: API PLAYER:  http://localhost:1337/player/230508-2160
2015-09-09 14:59:06+0000 [scrapy] ERROR: Error processing {'email': u'kataosk@gmail.com',
 'phone': u'6699563',
 'player_name': u'Logi Sn\xe6r Gu\xf0mundsson',
 'seminars': 65314527,
 'ssn': u'230508-2160',
 'status': u'Skr\xe1\xf0(ur)'}
Traceback (most recent call last):
  File "/Users/nonni/Code/norix/venv/lib/python2.7/site-packages/twisted/internet/defer.py", line 588, in _runCallbacks
    current.result = callback(current.result, *args, **kw)
  File "/Users/nonni/Code/norix/norix/norix/pipelines.py", line 53, in process_item
    r = requests.put(api_player+'/seminars', data=data.dumps(playload))
UnboundLocalError: local variable 'data' referenced before assignment
2015-09-09 14:59:06+0000 [norix] INFO: player_item["seminars"]  65314527
2015-09-09 14:59:06+0000 [norix] INFO: API:  http://localhost:1337/player
2015-09-09 14:59:06+0000 [norix] INFO: API PLAYER:  http://localhost:1337/player/110308-3020
2015-09-09 14:59:06+0000 [scrapy] ERROR: Error processing {'email': u'Birnadiso@hotmail.com',
 'phone': u'8935929',
 'player_name': u'\xd3lafur P\xe9tur \xde\xf3rj\xf3nsson',
 'seminars': 65314527,
 'ssn': u'110308-3020',
 'status': u'Skr\xe1\xf0(ur)'}
Traceback (most recent call last):
  File "/Users/nonni/Code/norix/venv/lib/python2.7/site-packages/twisted/internet/defer.py", line 588, in _runCallbacks
    current.result = callback(current.result, *args, **kw)
  File "/Users/nonni/Code/norix/norix/norix/pipelines.py", line 53, in process_item
    r = requests.put(api_player+'/seminars', data=data.dumps(playload))
UnboundLocalError: local variable 'data' referenced before assignment
2015-09-09 14:59:06+0000 [norix] INFO: player_item["seminars"]  65314527
2015-09-09 14:59:06+0000 [norix] INFO: API:  http://localhost:1337/player
2015-09-09 14:59:06+0000 [norix] INFO: API PLAYER:  http://localhost:1337/player/120609-3350
2015-09-09 14:59:06+0000 [scrapy] ERROR: Error processing {'email': u'',
 'phone': u'',
 'player_name': u'Tupac T\xfdr Nunez Kvaran',
 'seminars': 65314527,
 'ssn': u'120609-3350',
 'status': u'Skr\xe1\xf0(ur)'}
Traceback (most recent call last):
  File "/Users/nonni/Code/norix/venv/lib/python2.7/site-packages/twisted/internet/defer.py", line 588, in _runCallbacks
    current.result = callback(current.result, *args, **kw)
  File "/Users/nonni/Code/norix/norix/norix/pipelines.py", line 53, in process_item
    r = requests.put(api_player+'/seminars', data=data.dumps(playload))
UnboundLocalError: local variable 'data' referenced before assignment
2015-09-09 14:59:06+0000 [norix] INFO: player_item["seminars"]  65314527
2015-09-09 14:59:06+0000 [norix] INFO: API:  http://localhost:1337/player
2015-09-09 14:59:06+0000 [norix] INFO: API PLAYER:  http://localhost:1337/player/030207-2110
2015-09-09 14:59:06+0000 [scrapy] ERROR: Error processing {'email': u'vala.sig@gmail.com',
 'phone': u'8422945',
 'player_name': u'\xdalfar Heimisson',
 'seminars': 65314527,
 'ssn': u'030207-2110',
 'status': u'Skr\xe1\xf0(ur)'}
Traceback (most recent call last):
  File "/Users/nonni/Code/norix/venv/lib/python2.7/site-packages/twisted/internet/defer.py", line 588, in _runCallbacks
    current.result = callback(current.result, *args, **kw)
  File "/Users/nonni/Code/norix/norix/norix/pipelines.py", line 53, in process_item
    r = requests.put(api_player+'/seminars', data=data.dumps(playload))
UnboundLocalError: local variable 'data' referenced before assignment
2015-09-09 14:59:06+0000 [norix] INFO: player_item["seminars"]  65314527
2015-09-09 14:59:06+0000 [norix] INFO: API:  http://localhost:1337/player
2015-09-09 14:59:06+0000 [norix] INFO: API PLAYER:  http://localhost:1337/player/270209-2380
2015-09-09 14:59:06+0000 [scrapy] ERROR: Error processing {'email': u'hallasigga@gmail.com;photononni@gmail.com',
 'phone': u'5510617',
 'player_name': u'\xder\xf6stur \xde\xf3r J\xf3nsson',
 'seminars': 65314527,
 'ssn': u'270209-2380',
 'status': u'Skr\xe1\xf0(ur)'}
Traceback (most recent call last):
  File "/Users/nonni/Code/norix/venv/lib/python2.7/site-packages/twisted/internet/defer.py", line 588, in _runCallbacks
    current.result = callback(current.result, *args, **kw)
  File "/Users/nonni/Code/norix/norix/norix/pipelines.py", line 53, in process_item
    r = requests.put(api_player+'/seminars', data=data.dumps(playload))
UnboundLocalError: local variable 'data' referenced before assignment
2015-09-09 14:59:07+0000 [scrapy] DEBUG: Crawled (200) <GET https://armenningar.felog.is/ShowGroupMembers.aspx> (referer: https://armenningar.felog.is/MyPage.aspx)
2015-09-09 14:59:07+0000 [norix] INFO: player_item["seminars"]  39884877
2015-09-09 14:59:07+0000 [norix] INFO: API:  http://localhost:1337/player
2015-09-09 14:59:07+0000 [norix] INFO: API PLAYER:  http://localhost:1337/player/071207-3230
2015-09-09 14:59:07+0000 [scrapy] ERROR: Error processing {'email': u'padresmurfa@gmail.com;runaeinars@hotmail.com',
 'phone': u'8941929',
 'player_name': u'Einar P\xe1ll Dav\xed\xf0sson',
 'seminars': 39884877,
 'ssn': u'071207-3230',
 'status': u'Skr\xe1\xf0(ur)'}
Traceback (most recent call last):
  File "/Users/nonni/Code/norix/venv/lib/python2.7/site-packages/twisted/internet/defer.py", line 588, in _runCallbacks
    current.result = callback(current.result, *args, **kw)
  File "/Users/nonni/Code/norix/norix/norix/pipelines.py", line 53, in process_item
    r = requests.put(api_player+'/seminars', data=data.dumps(playload))
UnboundLocalError: local variable 'data' referenced before assignment
2015-09-09 14:59:07+0000 [norix] INFO: player_item["seminars"]  39884877
2015-09-09 14:59:07+0000 [norix] INFO: API:  http://localhost:1337/player
2015-09-09 14:59:07+0000 [norix] INFO: API PLAYER:  http://localhost:1337/player/170908-3250
2015-09-09 14:59:07+0000 [scrapy] ERROR: Error processing {'email': u'elmar@hi.is',
 'phone': u'8939385',
 'player_name': u'J\xfal\xedan R\xedkar\xf0ur Elmarsson',
 'seminars': 39884877,
 'ssn': u'170908-3250',
 'status': u'Skr\xe1\xf0(ur)'}
Traceback (most recent call last):
  File "/Users/nonni/Code/norix/venv/lib/python2.7/site-packages/twisted/internet/defer.py", line 588, in _runCallbacks
    current.result = callback(current.result, *args, **kw)
  File "/Users/nonni/Code/norix/norix/norix/pipelines.py", line 53, in process_item
    r = requests.put(api_player+'/seminars', data=data.dumps(playload))
UnboundLocalError: local variable 'data' referenced before assignment
2015-09-09 14:59:07+0000 [norix] INFO: player_item["seminars"]  39884877
2015-09-09 14:59:07+0000 [norix] INFO: API:  http://localhost:1337/player
2015-09-09 14:59:07+0000 [norix] INFO: API PLAYER:  http://localhost:1337/player/230508-2160
2015-09-09 14:59:07+0000 [scrapy] ERROR: Error processing {'email': u'kataosk@gmail.com',
 'phone': u'6699563',
 'player_name': u'Logi Sn\xe6r Gu\xf0mundsson',
 'seminars': 39884877,
 'ssn': u'230508-2160',
 'status': u'Skr\xe1\xf0(ur)'}
Traceback (most recent call last):
  File "/Users/nonni/Code/norix/venv/lib/python2.7/site-packages/twisted/internet/defer.py", line 588, in _runCallbacks
    current.result = callback(current.result, *args, **kw)
  File "/Users/nonni/Code/norix/norix/norix/pipelines.py", line 53, in process_item
    r = requests.put(api_player+'/seminars', data=data.dumps(playload))
UnboundLocalError: local variable 'data' referenced before assignment
2015-09-09 14:59:07+0000 [norix] INFO: player_item["seminars"]  39884877
2015-09-09 14:59:07+0000 [norix] INFO: API:  http://localhost:1337/player
2015-09-09 14:59:07+0000 [norix] INFO: API PLAYER:  http://localhost:1337/player/110308-3020
2015-09-09 14:59:07+0000 [scrapy] ERROR: Error processing {'email': u'Birnadiso@hotmail.com',
 'phone': u'8935929',
 'player_name': u'\xd3lafur P\xe9tur \xde\xf3rj\xf3nsson',
 'seminars': 39884877,
 'ssn': u'110308-3020',
 'status': u'Skr\xe1\xf0(ur)'}
Traceback (most recent call last):
  File "/Users/nonni/Code/norix/venv/lib/python2.7/site-packages/twisted/internet/defer.py", line 588, in _runCallbacks
    current.result = callback(current.result, *args, **kw)
  File "/Users/nonni/Code/norix/norix/norix/pipelines.py", line 53, in process_item
    r = requests.put(api_player+'/seminars', data=data.dumps(playload))
UnboundLocalError: local variable 'data' referenced before assignment
2015-09-09 14:59:07+0000 [norix] INFO: player_item["seminars"]  39884877
2015-09-09 14:59:07+0000 [norix] INFO: API:  http://localhost:1337/player
2015-09-09 14:59:07+0000 [norix] INFO: API PLAYER:  http://localhost:1337/player/120609-3350
2015-09-09 14:59:07+0000 [scrapy] ERROR: Error processing {'email': u'',
 'phone': u'',
 'player_name': u'Tupac T\xfdr Nunez Kvaran',
 'seminars': 39884877,
 'ssn': u'120609-3350',
 'status': u'Skr\xe1\xf0(ur)'}
Traceback (most recent call last):
  File "/Users/nonni/Code/norix/venv/lib/python2.7/site-packages/twisted/internet/defer.py", line 588, in _runCallbacks
    current.result = callback(current.result, *args, **kw)
  File "/Users/nonni/Code/norix/norix/norix/pipelines.py", line 53, in process_item
    r = requests.put(api_player+'/seminars', data=data.dumps(playload))
UnboundLocalError: local variable 'data' referenced before assignment
2015-09-09 14:59:07+0000 [norix] INFO: player_item["seminars"]  39884877
2015-09-09 14:59:07+0000 [norix] INFO: API:  http://localhost:1337/player
2015-09-09 14:59:07+0000 [norix] INFO: API PLAYER:  http://localhost:1337/player/030207-2110
2015-09-09 14:59:07+0000 [scrapy] ERROR: Error processing {'email': u'vala.sig@gmail.com',
 'phone': u'8422945',
 'player_name': u'\xdalfar Heimisson',
 'seminars': 39884877,
 'ssn': u'030207-2110',
 'status': u'Skr\xe1\xf0(ur)'}
Traceback (most recent call last):
  File "/Users/nonni/Code/norix/venv/lib/python2.7/site-packages/twisted/internet/defer.py", line 588, in _runCallbacks
    current.result = callback(current.result, *args, **kw)
  File "/Users/nonni/Code/norix/norix/norix/pipelines.py", line 53, in process_item
    r = requests.put(api_player+'/seminars', data=data.dumps(playload))
UnboundLocalError: local variable 'data' referenced before assignment
2015-09-09 14:59:07+0000 [norix] INFO: player_item["seminars"]  39884877
2015-09-09 14:59:07+0000 [norix] INFO: API:  http://localhost:1337/player
2015-09-09 14:59:07+0000 [norix] INFO: API PLAYER:  http://localhost:1337/player/270209-2380
2015-09-09 14:59:07+0000 [scrapy] ERROR: Error processing {'email': u'hallasigga@gmail.com;photononni@gmail.com',
 'phone': u'5510617',
 'player_name': u'\xder\xf6stur \xde\xf3r J\xf3nsson',
 'seminars': 39884877,
 'ssn': u'270209-2380',
 'status': u'Skr\xe1\xf0(ur)'}
Traceback (most recent call last):
  File "/Users/nonni/Code/norix/venv/lib/python2.7/site-packages/twisted/internet/defer.py", line 588, in _runCallbacks
    current.result = callback(current.result, *args, **kw)
  File "/Users/nonni/Code/norix/norix/norix/pipelines.py", line 53, in process_item
    r = requests.put(api_player+'/seminars', data=data.dumps(playload))
UnboundLocalError: local variable 'data' referenced before assignment
2015-09-09 14:59:07+0000 [scrapy] INFO: Closing spider (finished)
2015-09-09 14:59:07+0000 [scrapy] INFO: Dumping Scrapy stats:
{'downloader/request_bytes': 23969,
 'downloader/request_count': 16,
 'downloader/request_method_count/GET': 9,
 'downloader/request_method_count/POST': 7,
 'downloader/response_bytes': 318762,
 'downloader/response_count': 16,
 'downloader/response_status_count/200': 8,
 'downloader/response_status_count/302': 7,
 'downloader/response_status_count/303': 1,
 'finish_reason': 'finished',
 'finish_time': datetime.datetime(2015, 9, 9, 14, 59, 7, 200748),
 'item_scraped_count': 19,
 'log_count/DEBUG': 114,
 'log_count/ERROR': 27,
 'log_count/INFO': 190,
 'log_count/WARNING': 2,
 'request_depth_max': 2,
 'response_received_count': 8,
 'scheduler/dequeued': 16,
 'scheduler/dequeued/memory': 16,
 'scheduler/enqueued': 16,
 'scheduler/enqueued/memory': 16,
 'start_time': datetime.datetime(2015, 9, 9, 14, 59, 2, 546377)}
2015-09-09 14:59:07+0000 [scrapy] INFO: Spider closed (finished)
